{"C:\\Users\\anaca\\OneDrive\\Documentos\\SEMESTRES\\SEMESTRE VIII\\INTERACCION HUMANO COMPUTADOR\\gestion-eventos\\app.js": {"path":"C:\\Users\\anaca\\OneDrive\\Documentos\\SEMESTRES\\SEMESTRE VIII\\INTERACCION HUMANO COMPUTADOR\\gestion-eventos\\app.js","statementMap":{"0":{"start":{"line":1,"column":0},"end":{"line":1,"column":27}},"1":{"start":{"line":3,"column":16},"end":{"line":3,"column":34}},"2":{"start":{"line":4,"column":13},"end":{"line":4,"column":28}},"3":{"start":{"line":6,"column":12},"end":{"line":6,"column":21}},"4":{"start":{"line":8,"column":0},"end":{"line":8,"column":24}},"5":{"start":{"line":10,"column":0},"end":{"line":10,"column":56}},"6":{"start":{"line":12,"column":0},"end":{"line":12,"column":49}},"7":{"start":{"line":13,"column":0},"end":{"line":13,"column":76}},"8":{"start":{"line":14,"column":0},"end":{"line":14,"column":51}},"9":{"start":{"line":16,"column":0},"end":{"line":16,"column":21}}},"fnMap":{},"branchMap":{},"s":{"0":3,"1":3,"2":3,"3":3,"4":3,"5":3,"6":3,"7":3,"8":3,"9":3},"f":{},"b":{},"_coverageSchema":"1a1c01bbd47fc00a2c39e90264f33305004495a9","hash":"0ce16704529fdc9edd2d47cde8442afd0b67ba55"}
,"C:\\Users\\anaca\\OneDrive\\Documentos\\SEMESTRES\\SEMESTRE VIII\\INTERACCION HUMANO COMPUTADOR\\gestion-eventos\\config\\db.js": {"path":"C:\\Users\\anaca\\OneDrive\\Documentos\\SEMESTRES\\SEMESTRE VIII\\INTERACCION HUMANO COMPUTADOR\\gestion-eventos\\config\\db.js","statementMap":{"0":{"start":{"line":1,"column":17},"end":{"line":1,"column":36}},"1":{"start":{"line":4,"column":2},"end":{"line":10,"column":3}},"2":{"start":{"line":5,"column":4},"end":{"line":5,"column":52}},"3":{"start":{"line":6,"column":4},"end":{"line":6,"column":39}},"4":{"start":{"line":8,"column":4},"end":{"line":8,"column":62}},"5":{"start":{"line":9,"column":4},"end":{"line":9,"column":20}},"6":{"start":{"line":13,"column":0},"end":{"line":13,"column":27}}},"fnMap":{"0":{"name":"connectDB","decl":{"start":{"line":3,"column":15},"end":{"line":3,"column":24}},"loc":{"start":{"line":3,"column":27},"end":{"line":11,"column":1}},"line":3}},"branchMap":{},"s":{"0":3,"1":5,"2":5,"3":5,"4":0,"5":0,"6":3},"f":{"0":5},"b":{},"_coverageSchema":"1a1c01bbd47fc00a2c39e90264f33305004495a9","hash":"fa35565ece086765b80c108ea680e39219eec1f3"}
,"C:\\Users\\anaca\\OneDrive\\Documentos\\SEMESTRES\\SEMESTRE VIII\\INTERACCION HUMANO COMPUTADOR\\gestion-eventos\\middleware\\auth.js": {"path":"C:\\Users\\anaca\\OneDrive\\Documentos\\SEMESTRES\\SEMESTRE VIII\\INTERACCION HUMANO COMPUTADOR\\gestion-eventos\\middleware\\auth.js","statementMap":{"0":{"start":{"line":1,"column":12},"end":{"line":1,"column":35}},"1":{"start":{"line":2,"column":13},"end":{"line":2,"column":38}},"2":{"start":{"line":5,"column":21},"end":{"line":5,"column":46}},"3":{"start":{"line":6,"column":2},"end":{"line":8,"column":3}},"4":{"start":{"line":7,"column":4},"end":{"line":7,"column":63}},"5":{"start":{"line":9,"column":16},"end":{"line":9,"column":40}},"6":{"start":{"line":10,"column":2},"end":{"line":18,"column":3}},"7":{"start":{"line":11,"column":20},"end":{"line":11,"column":61}},"8":{"start":{"line":12,"column":17},"end":{"line":12,"column":48}},"9":{"start":{"line":13,"column":4},"end":{"line":13,"column":81}},"10":{"start":{"line":13,"column":15},"end":{"line":13,"column":81}},"11":{"start":{"line":14,"column":4},"end":{"line":14,"column":20}},"12":{"start":{"line":15,"column":4},"end":{"line":15,"column":11}},"13":{"start":{"line":17,"column":4},"end":{"line":17,"column":74}},"14":{"start":{"line":22,"column":2},"end":{"line":24,"column":3}},"15":{"start":{"line":23,"column":4},"end":{"line":23,"column":85}},"16":{"start":{"line":25,"column":2},"end":{"line":25,"column":9}},"17":{"start":{"line":28,"column":0},"end":{"line":28,"column":46}}},"fnMap":{"0":{"name":"verifyToken","decl":{"start":{"line":4,"column":15},"end":{"line":4,"column":26}},"loc":{"start":{"line":4,"column":43},"end":{"line":19,"column":1}},"line":4},"1":{"name":"isOrganizer","decl":{"start":{"line":21,"column":9},"end":{"line":21,"column":20}},"loc":{"start":{"line":21,"column":37},"end":{"line":26,"column":1}},"line":21}},"branchMap":{"0":{"loc":{"start":{"line":6,"column":2},"end":{"line":8,"column":3}},"type":"if","locations":[{"start":{"line":6,"column":2},"end":{"line":8,"column":3}},{"start":{},"end":{}}],"line":6},"1":{"loc":{"start":{"line":6,"column":6},"end":{"line":6,"column":54}},"type":"binary-expr","locations":[{"start":{"line":6,"column":6},"end":{"line":6,"column":17}},{"start":{"line":6,"column":21},"end":{"line":6,"column":54}}],"line":6},"2":{"loc":{"start":{"line":13,"column":4},"end":{"line":13,"column":81}},"type":"if","locations":[{"start":{"line":13,"column":4},"end":{"line":13,"column":81}},{"start":{},"end":{}}],"line":13},"3":{"loc":{"start":{"line":22,"column":2},"end":{"line":24,"column":3}},"type":"if","locations":[{"start":{"line":22,"column":2},"end":{"line":24,"column":3}},{"start":{},"end":{}}],"line":22}},"s":{"0":3,"1":3,"2":56,"3":56,"4":3,"5":53,"6":53,"7":53,"8":52,"9":52,"10":0,"11":52,"12":52,"13":1,"14":32,"15":2,"16":30,"17":3},"f":{"0":56,"1":32},"b":{"0":[3,53],"1":[56,53],"2":[0,52],"3":[2,30]},"_coverageSchema":"1a1c01bbd47fc00a2c39e90264f33305004495a9","hash":"29d40dfdcc977f4111e5ef5cc53faf1640abf095"}
,"C:\\Users\\anaca\\OneDrive\\Documentos\\SEMESTRES\\SEMESTRE VIII\\INTERACCION HUMANO COMPUTADOR\\gestion-eventos\\models\\Event.js": {"path":"C:\\Users\\anaca\\OneDrive\\Documentos\\SEMESTRES\\SEMESTRE VIII\\INTERACCION HUMANO COMPUTADOR\\gestion-eventos\\models\\Event.js","statementMap":{"0":{"start":{"line":1,"column":17},"end":{"line":1,"column":36}},"1":{"start":{"line":3,"column":20},"end":{"line":12,"column":2}},"2":{"start":{"line":14,"column":0},"end":{"line":14,"column":54}}},"fnMap":{},"branchMap":{},"s":{"0":3,"1":3,"2":3},"f":{},"b":{},"_coverageSchema":"1a1c01bbd47fc00a2c39e90264f33305004495a9","hash":"ee3bcff01110afd13f93e2718718637f5cf77339"}
,"C:\\Users\\anaca\\OneDrive\\Documentos\\SEMESTRES\\SEMESTRE VIII\\INTERACCION HUMANO COMPUTADOR\\gestion-eventos\\models\\Registration.js": {"path":"C:\\Users\\anaca\\OneDrive\\Documentos\\SEMESTRES\\SEMESTRE VIII\\INTERACCION HUMANO COMPUTADOR\\gestion-eventos\\models\\Registration.js","statementMap":{"0":{"start":{"line":1,"column":17},"end":{"line":1,"column":36}},"1":{"start":{"line":3,"column":27},"end":{"line":8,"column":2}},"2":{"start":{"line":10,"column":0},"end":{"line":10,"column":68}}},"fnMap":{},"branchMap":{},"s":{"0":3,"1":3,"2":3},"f":{},"b":{},"_coverageSchema":"1a1c01bbd47fc00a2c39e90264f33305004495a9","hash":"df33a1164082bee5308f2b0b676d2a56ed48ba5a"}
,"C:\\Users\\anaca\\OneDrive\\Documentos\\SEMESTRES\\SEMESTRE VIII\\INTERACCION HUMANO COMPUTADOR\\gestion-eventos\\models\\Reports.js": {"path":"C:\\Users\\anaca\\OneDrive\\Documentos\\SEMESTRES\\SEMESTRE VIII\\INTERACCION HUMANO COMPUTADOR\\gestion-eventos\\models\\Reports.js","statementMap":{"0":{"start":{"line":1,"column":17},"end":{"line":1,"column":36}},"1":{"start":{"line":3,"column":21},"end":{"line":10,"column":2}},"2":{"start":{"line":12,"column":0},"end":{"line":12,"column":56}}},"fnMap":{},"branchMap":{},"s":{"0":3,"1":3,"2":3},"f":{},"b":{},"_coverageSchema":"1a1c01bbd47fc00a2c39e90264f33305004495a9","hash":"6cfcee7453dbc72267fc2eafc4c8c7c436dec460"}
,"C:\\Users\\anaca\\OneDrive\\Documentos\\SEMESTRES\\SEMESTRE VIII\\INTERACCION HUMANO COMPUTADOR\\gestion-eventos\\models\\User.js": {"path":"C:\\Users\\anaca\\OneDrive\\Documentos\\SEMESTRES\\SEMESTRE VIII\\INTERACCION HUMANO COMPUTADOR\\gestion-eventos\\models\\User.js","statementMap":{"0":{"start":{"line":1,"column":17},"end":{"line":1,"column":36}},"1":{"start":{"line":2,"column":15},"end":{"line":2,"column":34}},"2":{"start":{"line":4,"column":19},"end":{"line":9,"column":2}},"3":{"start":{"line":12,"column":0},"end":{"line":16,"column":3}},"4":{"start":{"line":13,"column":2},"end":{"line":13,"column":50}},"5":{"start":{"line":13,"column":36},"end":{"line":13,"column":50}},"6":{"start":{"line":14,"column":2},"end":{"line":14,"column":55}},"7":{"start":{"line":15,"column":2},"end":{"line":15,"column":9}},"8":{"start":{"line":19,"column":0},"end":{"line":21,"column":2}},"9":{"start":{"line":20,"column":2},"end":{"line":20,"column":58}},"10":{"start":{"line":23,"column":0},"end":{"line":23,"column":52}}},"fnMap":{"0":{"name":"(anonymous_0)","decl":{"start":{"line":12,"column":23},"end":{"line":12,"column":24}},"loc":{"start":{"line":12,"column":45},"end":{"line":16,"column":1}},"line":12},"1":{"name":"(anonymous_1)","decl":{"start":{"line":19,"column":37},"end":{"line":19,"column":38}},"loc":{"start":{"line":19,"column":66},"end":{"line":21,"column":1}},"line":19}},"branchMap":{"0":{"loc":{"start":{"line":13,"column":2},"end":{"line":13,"column":50}},"type":"if","locations":[{"start":{"line":13,"column":2},"end":{"line":13,"column":50}},{"start":{},"end":{}}],"line":13}},"s":{"0":3,"1":3,"2":3,"3":3,"4":52,"5":2,"6":50,"7":50,"8":3,"9":48,"10":3},"f":{"0":52,"1":48},"b":{"0":[2,50]},"_coverageSchema":"1a1c01bbd47fc00a2c39e90264f33305004495a9","hash":"7c3070e032a3caa785e0893a6580b58ff38fc700"}
,"C:\\Users\\anaca\\OneDrive\\Documentos\\SEMESTRES\\SEMESTRE VIII\\INTERACCION HUMANO COMPUTADOR\\gestion-eventos\\routes\\Events.js": {"path":"C:\\Users\\anaca\\OneDrive\\Documentos\\SEMESTRES\\SEMESTRE VIII\\INTERACCION HUMANO COMPUTADOR\\gestion-eventos\\routes\\Events.js","statementMap":{"0":{"start":{"line":1,"column":16},"end":{"line":1,"column":34}},"1":{"start":{"line":2,"column":17},"end":{"line":2,"column":36}},"2":{"start":{"line":3,"column":15},"end":{"line":3,"column":31}},"3":{"start":{"line":4,"column":14},"end":{"line":4,"column":40}},"4":{"start":{"line":5,"column":21},"end":{"line":5,"column":54}},"5":{"start":{"line":6,"column":15},"end":{"line":6,"column":43}},"6":{"start":{"line":7,"column":37},"end":{"line":7,"column":66}},"7":{"start":{"line":10,"column":2},"end":{"line":12,"column":3}},"8":{"start":{"line":11,"column":4},"end":{"line":11,"column":72}},"9":{"start":{"line":13,"column":2},"end":{"line":13,"column":21}},"10":{"start":{"line":16,"column":0},"end":{"line":23,"column":3}},"11":{"start":{"line":17,"column":2},"end":{"line":22,"column":3}},"12":{"start":{"line":18,"column":18},"end":{"line":18,"column":80}},"13":{"start":{"line":19,"column":4},"end":{"line":19,"column":32}},"14":{"start":{"line":21,"column":4},"end":{"line":21,"column":57}},"15":{"start":{"line":25,"column":0},"end":{"line":38,"column":3}},"16":{"start":{"line":26,"column":2},"end":{"line":37,"column":3}},"17":{"start":{"line":27,"column":18},"end":{"line":27,"column":53}},"18":{"start":{"line":28,"column":4},"end":{"line":28,"column":81}},"19":{"start":{"line":28,"column":16},"end":{"line":28,"column":81}},"20":{"start":{"line":29,"column":4},"end":{"line":31,"column":5}},"21":{"start":{"line":30,"column":6},"end":{"line":30,"column":96}},"22":{"start":{"line":32,"column":4},"end":{"line":32,"column":35}},"23":{"start":{"line":33,"column":4},"end":{"line":33,"column":23}},"24":{"start":{"line":34,"column":4},"end":{"line":34,"column":20}},"25":{"start":{"line":36,"column":4},"end":{"line":36,"column":57}},"26":{"start":{"line":40,"column":0},"end":{"line":52,"column":3}},"27":{"start":{"line":41,"column":2},"end":{"line":51,"column":3}},"28":{"start":{"line":42,"column":18},"end":{"line":42,"column":53}},"29":{"start":{"line":43,"column":4},"end":{"line":43,"column":81}},"30":{"start":{"line":43,"column":16},"end":{"line":43,"column":81}},"31":{"start":{"line":44,"column":4},"end":{"line":46,"column":5}},"32":{"start":{"line":45,"column":6},"end":{"line":45,"column":98}},"33":{"start":{"line":47,"column":4},"end":{"line":47,"column":28}},"34":{"start":{"line":48,"column":4},"end":{"line":48,"column":46}},"35":{"start":{"line":50,"column":4},"end":{"line":50,"column":57}},"36":{"start":{"line":54,"column":0},"end":{"line":65,"column":3}},"37":{"start":{"line":55,"column":2},"end":{"line":64,"column":3}},"38":{"start":{"line":56,"column":19},"end":{"line":56,"column":55}},"39":{"start":{"line":57,"column":25},"end":{"line":60,"column":7}},"40":{"start":{"line":58,"column":25},"end":{"line":58,"column":103}},"41":{"start":{"line":59,"column":6},"end":{"line":59,"column":85}},"42":{"start":{"line":61,"column":4},"end":{"line":61,"column":27}},"43":{"start":{"line":63,"column":4},"end":{"line":63,"column":57}},"44":{"start":{"line":67,"column":0},"end":{"line":79,"column":3}},"45":{"start":{"line":68,"column":2},"end":{"line":78,"column":3}},"46":{"start":{"line":69,"column":4},"end":{"line":71,"column":5}},"47":{"start":{"line":70,"column":6},"end":{"line":70,"column":72}},"48":{"start":{"line":72,"column":18},"end":{"line":72,"column":53}},"49":{"start":{"line":73,"column":4},"end":{"line":73,"column":81}},"50":{"start":{"line":73,"column":16},"end":{"line":73,"column":81}},"51":{"start":{"line":74,"column":23},"end":{"line":74,"column":101}},"52":{"start":{"line":75,"column":4},"end":{"line":75,"column":86}},"53":{"start":{"line":77,"column":4},"end":{"line":77,"column":57}},"54":{"start":{"line":81,"column":0},"end":{"line":110,"column":3}},"55":{"start":{"line":82,"column":2},"end":{"line":109,"column":3}},"56":{"start":{"line":83,"column":18},"end":{"line":83,"column":53}},"57":{"start":{"line":84,"column":4},"end":{"line":84,"column":81}},"58":{"start":{"line":84,"column":16},"end":{"line":84,"column":81}},"59":{"start":{"line":85,"column":4},"end":{"line":87,"column":5}},"60":{"start":{"line":86,"column":6},"end":{"line":86,"column":111}},"61":{"start":{"line":89,"column":26},"end":{"line":90,"column":46}},"62":{"start":{"line":92,"column":19},"end":{"line":104,"column":6}},"63":{"start":{"line":98,"column":46},"end":{"line":102,"column":9}},"64":{"start":{"line":106,"column":4},"end":{"line":106,"column":33}},"65":{"start":{"line":108,"column":4},"end":{"line":108,"column":57}},"66":{"start":{"line":112,"column":0},"end":{"line":124,"column":3}},"67":{"start":{"line":113,"column":2},"end":{"line":123,"column":3}},"68":{"start":{"line":114,"column":18},"end":{"line":114,"column":53}},"69":{"start":{"line":115,"column":4},"end":{"line":115,"column":81}},"70":{"start":{"line":115,"column":16},"end":{"line":115,"column":81}},"71":{"start":{"line":116,"column":4},"end":{"line":118,"column":5}},"72":{"start":{"line":117,"column":6},"end":{"line":117,"column":109}},"73":{"start":{"line":119,"column":20},"end":{"line":119,"column":87}},"74":{"start":{"line":120,"column":4},"end":{"line":120,"column":22}},"75":{"start":{"line":122,"column":4},"end":{"line":122,"column":57}},"76":{"start":{"line":126,"column":0},"end":{"line":126,"column":24}}},"fnMap":{"0":{"name":"errorMessage","decl":{"start":{"line":9,"column":9},"end":{"line":9,"column":21}},"loc":{"start":{"line":9,"column":27},"end":{"line":14,"column":1}},"line":9},"1":{"name":"(anonymous_1)","decl":{"start":{"line":16,"column":43},"end":{"line":16,"column":44}},"loc":{"start":{"line":16,"column":63},"end":{"line":23,"column":1}},"line":16},"2":{"name":"(anonymous_2)","decl":{"start":{"line":25,"column":45},"end":{"line":25,"column":46}},"loc":{"start":{"line":25,"column":65},"end":{"line":38,"column":1}},"line":25},"3":{"name":"(anonymous_3)","decl":{"start":{"line":40,"column":48},"end":{"line":40,"column":49}},"loc":{"start":{"line":40,"column":68},"end":{"line":52,"column":1}},"line":40},"4":{"name":"(anonymous_4)","decl":{"start":{"line":54,"column":16},"end":{"line":54,"column":17}},"loc":{"start":{"line":54,"column":36},"end":{"line":65,"column":1}},"line":54},"5":{"name":"(anonymous_5)","decl":{"start":{"line":57,"column":54},"end":{"line":57,"column":55}},"loc":{"start":{"line":57,"column":71},"end":{"line":60,"column":5}},"line":57},"6":{"name":"(anonymous_6)","decl":{"start":{"line":67,"column":19},"end":{"line":67,"column":20}},"loc":{"start":{"line":67,"column":39},"end":{"line":79,"column":1}},"line":67},"7":{"name":"(anonymous_7)","decl":{"start":{"line":81,"column":54},"end":{"line":81,"column":55}},"loc":{"start":{"line":81,"column":74},"end":{"line":110,"column":1}},"line":81},"8":{"name":"(anonymous_8)","decl":{"start":{"line":98,"column":40},"end":{"line":98,"column":41}},"loc":{"start":{"line":98,"column":46},"end":{"line":102,"column":9}},"line":98},"9":{"name":"(anonymous_9)","decl":{"start":{"line":112,"column":53},"end":{"line":112,"column":54}},"loc":{"start":{"line":112,"column":73},"end":{"line":124,"column":1}},"line":112}},"branchMap":{"0":{"loc":{"start":{"line":10,"column":2},"end":{"line":12,"column":3}},"type":"if","locations":[{"start":{"line":10,"column":2},"end":{"line":12,"column":3}},{"start":{},"end":{}}],"line":10},"1":{"loc":{"start":{"line":28,"column":4},"end":{"line":28,"column":81}},"type":"if","locations":[{"start":{"line":28,"column":4},"end":{"line":28,"column":81}},{"start":{},"end":{}}],"line":28},"2":{"loc":{"start":{"line":29,"column":4},"end":{"line":31,"column":5}},"type":"if","locations":[{"start":{"line":29,"column":4},"end":{"line":31,"column":5}},{"start":{},"end":{}}],"line":29},"3":{"loc":{"start":{"line":43,"column":4},"end":{"line":43,"column":81}},"type":"if","locations":[{"start":{"line":43,"column":4},"end":{"line":43,"column":81}},{"start":{},"end":{}}],"line":43},"4":{"loc":{"start":{"line":44,"column":4},"end":{"line":46,"column":5}},"type":"if","locations":[{"start":{"line":44,"column":4},"end":{"line":46,"column":5}},{"start":{},"end":{}}],"line":44},"5":{"loc":{"start":{"line":69,"column":4},"end":{"line":71,"column":5}},"type":"if","locations":[{"start":{"line":69,"column":4},"end":{"line":71,"column":5}},{"start":{},"end":{}}],"line":69},"6":{"loc":{"start":{"line":73,"column":4},"end":{"line":73,"column":81}},"type":"if","locations":[{"start":{"line":73,"column":4},"end":{"line":73,"column":81}},{"start":{},"end":{}}],"line":73},"7":{"loc":{"start":{"line":84,"column":4},"end":{"line":84,"column":81}},"type":"if","locations":[{"start":{"line":84,"column":4},"end":{"line":84,"column":81}},{"start":{},"end":{}}],"line":84},"8":{"loc":{"start":{"line":85,"column":4},"end":{"line":87,"column":5}},"type":"if","locations":[{"start":{"line":85,"column":4},"end":{"line":87,"column":5}},{"start":{},"end":{}}],"line":85},"9":{"loc":{"start":{"line":115,"column":4},"end":{"line":115,"column":81}},"type":"if","locations":[{"start":{"line":115,"column":4},"end":{"line":115,"column":81}},{"start":{},"end":{}}],"line":115},"10":{"loc":{"start":{"line":116,"column":4},"end":{"line":118,"column":5}},"type":"if","locations":[{"start":{"line":116,"column":4},"end":{"line":118,"column":5}},{"start":{},"end":{}}],"line":116}},"s":{"0":3,"1":3,"2":3,"3":3,"4":3,"5":3,"6":3,"7":2,"8":2,"9":0,"10":3,"11":18,"12":18,"13":17,"14":1,"15":3,"16":4,"17":4,"18":4,"19":1,"20":3,"21":1,"22":2,"23":2,"24":1,"25":1,"26":3,"27":3,"28":3,"29":3,"30":1,"31":2,"32":1,"33":1,"34":1,"35":0,"36":3,"37":1,"38":1,"39":1,"40":225,"41":225,"42":1,"43":0,"44":3,"45":4,"46":4,"47":1,"48":3,"49":3,"50":2,"51":1,"52":1,"53":0,"54":3,"55":3,"56":3,"57":3,"58":0,"59":3,"60":1,"61":2,"62":2,"63":0,"64":2,"65":0,"66":3,"67":2,"68":2,"69":2,"70":0,"71":2,"72":1,"73":1,"74":1,"75":0,"76":3},"f":{"0":2,"1":18,"2":4,"3":3,"4":1,"5":225,"6":4,"7":3,"8":0,"9":2},"b":{"0":[2,0],"1":[1,3],"2":[1,2],"3":[1,2],"4":[1,1],"5":[1,3],"6":[2,1],"7":[0,3],"8":[1,2],"9":[0,2],"10":[1,1]},"_coverageSchema":"1a1c01bbd47fc00a2c39e90264f33305004495a9","hash":"47b5e37efb1d676e6a3da16f04b4d1e2fd7e03fd"}
,"C:\\Users\\anaca\\OneDrive\\Documentos\\SEMESTRES\\SEMESTRE VIII\\INTERACCION HUMANO COMPUTADOR\\gestion-eventos\\routes\\Registrations.js": {"path":"C:\\Users\\anaca\\OneDrive\\Documentos\\SEMESTRES\\SEMESTRE VIII\\INTERACCION HUMANO COMPUTADOR\\gestion-eventos\\routes\\Registrations.js","statementMap":{"0":{"start":{"line":1,"column":16},"end":{"line":1,"column":34}},"1":{"start":{"line":2,"column":17},"end":{"line":2,"column":36}},"2":{"start":{"line":3,"column":15},"end":{"line":3,"column":52}},"3":{"start":{"line":4,"column":14},"end":{"line":4,"column":40}},"4":{"start":{"line":5,"column":21},"end":{"line":5,"column":54}},"5":{"start":{"line":6,"column":24},"end":{"line":6,"column":53}},"6":{"start":{"line":8,"column":0},"end":{"line":18,"column":3}},"7":{"start":{"line":9,"column":2},"end":{"line":17,"column":3}},"8":{"start":{"line":10,"column":4},"end":{"line":12,"column":5}},"9":{"start":{"line":11,"column":6},"end":{"line":11,"column":72}},"10":{"start":{"line":13,"column":26},"end":{"line":13,"column":117}},"11":{"start":{"line":14,"column":4},"end":{"line":14,"column":28}},"12":{"start":{"line":16,"column":4},"end":{"line":16,"column":51}},"13":{"start":{"line":20,"column":0},"end":{"line":46,"column":3}},"14":{"start":{"line":21,"column":2},"end":{"line":45,"column":3}},"15":{"start":{"line":22,"column":4},"end":{"line":24,"column":5}},"16":{"start":{"line":23,"column":6},"end":{"line":23,"column":72}},"17":{"start":{"line":26,"column":18},"end":{"line":26,"column":53}},"18":{"start":{"line":27,"column":4},"end":{"line":27,"column":81}},"19":{"start":{"line":27,"column":16},"end":{"line":27,"column":81}},"20":{"start":{"line":29,"column":23},"end":{"line":29,"column":101}},"21":{"start":{"line":30,"column":4},"end":{"line":32,"column":5}},"22":{"start":{"line":31,"column":6},"end":{"line":31,"column":92}},"23":{"start":{"line":34,"column":30},"end":{"line":36,"column":6}},"24":{"start":{"line":37,"column":4},"end":{"line":39,"column":5}},"25":{"start":{"line":38,"column":6},"end":{"line":38,"column":85}},"26":{"start":{"line":41,"column":25},"end":{"line":41,"column":103}},"27":{"start":{"line":42,"column":4},"end":{"line":42,"column":75}},"28":{"start":{"line":44,"column":4},"end":{"line":44,"column":51}},"29":{"start":{"line":50,"column":0},"end":{"line":63,"column":3}},"30":{"start":{"line":51,"column":2},"end":{"line":62,"column":3}},"31":{"start":{"line":52,"column":25},"end":{"line":52,"column":79}},"32":{"start":{"line":53,"column":4},"end":{"line":53,"column":90}},"33":{"start":{"line":53,"column":23},"end":{"line":53,"column":90}},"34":{"start":{"line":54,"column":4},"end":{"line":56,"column":5}},"35":{"start":{"line":55,"column":6},"end":{"line":55,"column":96}},"36":{"start":{"line":57,"column":4},"end":{"line":57,"column":38}},"37":{"start":{"line":58,"column":4},"end":{"line":58,"column":30}},"38":{"start":{"line":59,"column":4},"end":{"line":59,"column":62}},"39":{"start":{"line":61,"column":4},"end":{"line":61,"column":51}},"40":{"start":{"line":65,"column":0},"end":{"line":65,"column":24}}},"fnMap":{"0":{"name":"(anonymous_0)","decl":{"start":{"line":8,"column":29},"end":{"line":8,"column":30}},"loc":{"start":{"line":8,"column":49},"end":{"line":18,"column":1}},"line":8},"1":{"name":"(anonymous_1)","decl":{"start":{"line":20,"column":30},"end":{"line":20,"column":31}},"loc":{"start":{"line":20,"column":50},"end":{"line":46,"column":1}},"line":20},"2":{"name":"(anonymous_2)","decl":{"start":{"line":50,"column":53},"end":{"line":50,"column":54}},"loc":{"start":{"line":50,"column":73},"end":{"line":63,"column":1}},"line":50}},"branchMap":{"0":{"loc":{"start":{"line":10,"column":4},"end":{"line":12,"column":5}},"type":"if","locations":[{"start":{"line":10,"column":4},"end":{"line":12,"column":5}},{"start":{},"end":{}}],"line":10},"1":{"loc":{"start":{"line":22,"column":4},"end":{"line":24,"column":5}},"type":"if","locations":[{"start":{"line":22,"column":4},"end":{"line":24,"column":5}},{"start":{},"end":{}}],"line":22},"2":{"loc":{"start":{"line":27,"column":4},"end":{"line":27,"column":81}},"type":"if","locations":[{"start":{"line":27,"column":4},"end":{"line":27,"column":81}},{"start":{},"end":{}}],"line":27},"3":{"loc":{"start":{"line":30,"column":4},"end":{"line":32,"column":5}},"type":"if","locations":[{"start":{"line":30,"column":4},"end":{"line":32,"column":5}},{"start":{},"end":{}}],"line":30},"4":{"loc":{"start":{"line":37,"column":4},"end":{"line":39,"column":5}},"type":"if","locations":[{"start":{"line":37,"column":4},"end":{"line":39,"column":5}},{"start":{},"end":{}}],"line":37},"5":{"loc":{"start":{"line":53,"column":4},"end":{"line":53,"column":90}},"type":"if","locations":[{"start":{"line":53,"column":4},"end":{"line":53,"column":90}},{"start":{},"end":{}}],"line":53},"6":{"loc":{"start":{"line":54,"column":4},"end":{"line":56,"column":5}},"type":"if","locations":[{"start":{"line":54,"column":4},"end":{"line":56,"column":5}},{"start":{},"end":{}}],"line":54}},"s":{"0":3,"1":3,"2":3,"3":3,"4":3,"5":3,"6":3,"7":1,"8":1,"9":0,"10":1,"11":1,"12":0,"13":3,"14":9,"15":9,"16":1,"17":8,"18":8,"19":1,"20":7,"21":7,"22":1,"23":6,"24":6,"25":1,"26":5,"27":5,"28":0,"29":3,"30":2,"31":2,"32":2,"33":1,"34":1,"35":0,"36":1,"37":1,"38":1,"39":0,"40":3},"f":{"0":1,"1":9,"2":2},"b":{"0":[0,1],"1":[1,8],"2":[1,7],"3":[1,6],"4":[1,5],"5":[1,1],"6":[0,1]},"_coverageSchema":"1a1c01bbd47fc00a2c39e90264f33305004495a9","hash":"e2ef40c4928bd0ad8e6b80b8e90f848e271c8ae3"}
,"C:\\Users\\anaca\\OneDrive\\Documentos\\SEMESTRES\\SEMESTRE VIII\\INTERACCION HUMANO COMPUTADOR\\gestion-eventos\\routes\\Users.js": {"path":"C:\\Users\\anaca\\OneDrive\\Documentos\\SEMESTRES\\SEMESTRE VIII\\INTERACCION HUMANO COMPUTADOR\\gestion-eventos\\routes\\Users.js","statementMap":{"0":{"start":{"line":1,"column":16},"end":{"line":1,"column":34}},"1":{"start":{"line":2,"column":12},"end":{"line":2,"column":35}},"2":{"start":{"line":3,"column":15},"end":{"line":3,"column":31}},"3":{"start":{"line":4,"column":13},"end":{"line":4,"column":38}},"4":{"start":{"line":5,"column":21},"end":{"line":5,"column":54}},"5":{"start":{"line":6,"column":24},"end":{"line":6,"column":53}},"6":{"start":{"line":9,"column":2},"end":{"line":11,"column":3}},"7":{"start":{"line":10,"column":4},"end":{"line":10,"column":72}},"8":{"start":{"line":12,"column":2},"end":{"line":14,"column":3}},"9":{"start":{"line":13,"column":4},"end":{"line":13,"column":51}},"10":{"start":{"line":15,"column":2},"end":{"line":15,"column":21}},"11":{"start":{"line":18,"column":0},"end":{"line":35,"column":3}},"12":{"start":{"line":19,"column":2},"end":{"line":34,"column":3}},"13":{"start":{"line":20,"column":48},"end":{"line":20,"column":56}},"14":{"start":{"line":21,"column":4},"end":{"line":23,"column":5}},"15":{"start":{"line":22,"column":6},"end":{"line":22,"column":84}},"16":{"start":{"line":24,"column":4},"end":{"line":26,"column":5}},"17":{"start":{"line":25,"column":6},"end":{"line":25,"column":97}},"18":{"start":{"line":27,"column":21},"end":{"line":27,"column":50}},"19":{"start":{"line":28,"column":4},"end":{"line":28,"column":98}},"20":{"start":{"line":28,"column":18},"end":{"line":28,"column":98}},"21":{"start":{"line":30,"column":17},"end":{"line":30,"column":71}},"22":{"start":{"line":31,"column":4},"end":{"line":31,"column":104}},"23":{"start":{"line":33,"column":4},"end":{"line":33,"column":57}},"24":{"start":{"line":37,"column":0},"end":{"line":52,"column":3}},"25":{"start":{"line":38,"column":2},"end":{"line":51,"column":3}},"26":{"start":{"line":39,"column":32},"end":{"line":39,"column":40}},"27":{"start":{"line":40,"column":17},"end":{"line":40,"column":66}},"28":{"start":{"line":41,"column":4},"end":{"line":43,"column":5}},"29":{"start":{"line":42,"column":6},"end":{"line":42,"column":82}},"30":{"start":{"line":44,"column":18},"end":{"line":44,"column":89}},"31":{"start":{"line":45,"column":4},"end":{"line":48,"column":7}},"32":{"start":{"line":50,"column":4},"end":{"line":50,"column":57}},"33":{"start":{"line":55,"column":0},"end":{"line":64,"column":3}},"34":{"start":{"line":56,"column":2},"end":{"line":63,"column":3}},"35":{"start":{"line":57,"column":26},"end":{"line":59,"column":25}},"36":{"start":{"line":60,"column":4},"end":{"line":60,"column":28}},"37":{"start":{"line":62,"column":4},"end":{"line":62,"column":57}},"38":{"start":{"line":67,"column":0},"end":{"line":99,"column":3}},"39":{"start":{"line":68,"column":2},"end":{"line":98,"column":3}},"40":{"start":{"line":69,"column":58},"end":{"line":69,"column":66}},"41":{"start":{"line":70,"column":17},"end":{"line":70,"column":70}},"42":{"start":{"line":72,"column":4},"end":{"line":72,"column":31}},"43":{"start":{"line":72,"column":14},"end":{"line":72,"column":31}},"44":{"start":{"line":74,"column":4},"end":{"line":78,"column":5}},"45":{"start":{"line":75,"column":23},"end":{"line":75,"column":73}},"46":{"start":{"line":76,"column":6},"end":{"line":76,"column":100}},"47":{"start":{"line":76,"column":20},"end":{"line":76,"column":100}},"48":{"start":{"line":77,"column":6},"end":{"line":77,"column":39}},"49":{"start":{"line":80,"column":4},"end":{"line":92,"column":5}},"50":{"start":{"line":81,"column":6},"end":{"line":83,"column":7}},"51":{"start":{"line":82,"column":8},"end":{"line":82,"column":105}},"52":{"start":{"line":84,"column":6},"end":{"line":86,"column":7}},"53":{"start":{"line":85,"column":8},"end":{"line":85,"column":103}},"54":{"start":{"line":87,"column":23},"end":{"line":87,"column":66}},"55":{"start":{"line":88,"column":6},"end":{"line":90,"column":7}},"56":{"start":{"line":89,"column":8},"end":{"line":89,"column":88}},"57":{"start":{"line":91,"column":6},"end":{"line":91,"column":34}},"58":{"start":{"line":94,"column":4},"end":{"line":94,"column":22}},"59":{"start":{"line":95,"column":4},"end":{"line":95,"column":92}},"60":{"start":{"line":97,"column":4},"end":{"line":97,"column":57}},"61":{"start":{"line":101,"column":0},"end":{"line":101,"column":24}}},"fnMap":{"0":{"name":"errorMessage","decl":{"start":{"line":8,"column":9},"end":{"line":8,"column":21}},"loc":{"start":{"line":8,"column":27},"end":{"line":16,"column":1}},"line":8},"1":{"name":"(anonymous_1)","decl":{"start":{"line":18,"column":23},"end":{"line":18,"column":24}},"loc":{"start":{"line":18,"column":43},"end":{"line":35,"column":1}},"line":18},"2":{"name":"(anonymous_2)","decl":{"start":{"line":37,"column":22},"end":{"line":37,"column":23}},"loc":{"start":{"line":37,"column":42},"end":{"line":52,"column":1}},"line":37},"3":{"name":"(anonymous_3)","decl":{"start":{"line":55,"column":45},"end":{"line":55,"column":46}},"loc":{"start":{"line":55,"column":65},"end":{"line":64,"column":1}},"line":55},"4":{"name":"(anonymous_4)","decl":{"start":{"line":67,"column":31},"end":{"line":67,"column":32}},"loc":{"start":{"line":67,"column":51},"end":{"line":99,"column":1}},"line":67}},"branchMap":{"0":{"loc":{"start":{"line":9,"column":2},"end":{"line":11,"column":3}},"type":"if","locations":[{"start":{"line":9,"column":2},"end":{"line":11,"column":3}},{"start":{},"end":{}}],"line":9},"1":{"loc":{"start":{"line":12,"column":2},"end":{"line":14,"column":3}},"type":"if","locations":[{"start":{"line":12,"column":2},"end":{"line":14,"column":3}},{"start":{},"end":{}}],"line":12},"2":{"loc":{"start":{"line":21,"column":4},"end":{"line":23,"column":5}},"type":"if","locations":[{"start":{"line":21,"column":4},"end":{"line":23,"column":5}},{"start":{},"end":{}}],"line":21},"3":{"loc":{"start":{"line":21,"column":8},"end":{"line":21,"column":49}},"type":"binary-expr","locations":[{"start":{"line":21,"column":8},"end":{"line":21,"column":13}},{"start":{"line":21,"column":17},"end":{"line":21,"column":23}},{"start":{"line":21,"column":27},"end":{"line":21,"column":36}},{"start":{"line":21,"column":40},"end":{"line":21,"column":49}}],"line":21},"4":{"loc":{"start":{"line":24,"column":4},"end":{"line":26,"column":5}},"type":"if","locations":[{"start":{"line":24,"column":4},"end":{"line":26,"column":5}},{"start":{},"end":{}}],"line":24},"5":{"loc":{"start":{"line":28,"column":4},"end":{"line":28,"column":98}},"type":"if","locations":[{"start":{"line":28,"column":4},"end":{"line":28,"column":98}},{"start":{},"end":{}}],"line":28},"6":{"loc":{"start":{"line":41,"column":4},"end":{"line":43,"column":5}},"type":"if","locations":[{"start":{"line":41,"column":4},"end":{"line":43,"column":5}},{"start":{},"end":{}}],"line":41},"7":{"loc":{"start":{"line":41,"column":8},"end":{"line":41,"column":56}},"type":"binary-expr","locations":[{"start":{"line":41,"column":8},"end":{"line":41,"column":13}},{"start":{"line":41,"column":17},"end":{"line":41,"column":56}}],"line":41},"8":{"loc":{"start":{"line":72,"column":4},"end":{"line":72,"column":31}},"type":"if","locations":[{"start":{"line":72,"column":4},"end":{"line":72,"column":31}},{"start":{},"end":{}}],"line":72},"9":{"loc":{"start":{"line":74,"column":4},"end":{"line":78,"column":5}},"type":"if","locations":[{"start":{"line":74,"column":4},"end":{"line":78,"column":5}},{"start":{},"end":{}}],"line":74},"10":{"loc":{"start":{"line":74,"column":8},"end":{"line":74,"column":51}},"type":"binary-expr","locations":[{"start":{"line":74,"column":8},"end":{"line":74,"column":13}},{"start":{"line":74,"column":17},"end":{"line":74,"column":51}}],"line":74},"11":{"loc":{"start":{"line":76,"column":6},"end":{"line":76,"column":100}},"type":"if","locations":[{"start":{"line":76,"column":6},"end":{"line":76,"column":100}},{"start":{},"end":{}}],"line":76},"12":{"loc":{"start":{"line":80,"column":4},"end":{"line":92,"column":5}},"type":"if","locations":[{"start":{"line":80,"column":4},"end":{"line":92,"column":5}},{"start":{},"end":{}}],"line":80},"13":{"loc":{"start":{"line":81,"column":6},"end":{"line":83,"column":7}},"type":"if","locations":[{"start":{"line":81,"column":6},"end":{"line":83,"column":7}},{"start":{},"end":{}}],"line":81},"14":{"loc":{"start":{"line":84,"column":6},"end":{"line":86,"column":7}},"type":"if","locations":[{"start":{"line":84,"column":6},"end":{"line":86,"column":7}},{"start":{},"end":{}}],"line":84},"15":{"loc":{"start":{"line":88,"column":6},"end":{"line":90,"column":7}},"type":"if","locations":[{"start":{"line":88,"column":6},"end":{"line":90,"column":7}},{"start":{},"end":{}}],"line":88}},"s":{"0":3,"1":3,"2":3,"3":3,"4":3,"5":3,"6":0,"7":0,"8":0,"9":0,"10":0,"11":3,"12":55,"13":55,"14":55,"15":2,"16":53,"17":2,"18":51,"19":51,"20":2,"21":49,"22":49,"23":0,"24":3,"25":47,"26":47,"27":47,"28":47,"29":2,"30":45,"31":45,"32":0,"33":3,"34":1,"35":1,"36":1,"37":0,"38":3,"39":7,"40":7,"41":7,"42":7,"43":1,"44":7,"45":2,"46":2,"47":1,"48":1,"49":6,"50":4,"51":1,"52":3,"53":1,"54":2,"55":2,"56":1,"57":1,"58":3,"59":3,"60":0,"61":3},"f":{"0":0,"1":55,"2":47,"3":1,"4":7},"b":{"0":[0,0],"1":[0,0],"2":[2,53],"3":[55,55,55,53],"4":[2,51],"5":[2,49],"6":[2,45],"7":[47,46],"8":[1,6],"9":[2,5],"10":[7,2],"11":[1,1],"12":[4,2],"13":[1,3],"14":[1,2],"15":[1,1]},"_coverageSchema":"1a1c01bbd47fc00a2c39e90264f33305004495a9","hash":"1cf6580109e22667d9846aeddd79f5a1cd18b533"}
}
