{"C:\\Users\\anaca\\OneDrive\\Documentos\\SEMESTRES\\SEMESTRE VIII\\INTERACCION HUMANO COMPUTADOR\\gestion-eventos\\app.js": {"path":"C:\\Users\\anaca\\OneDrive\\Documentos\\SEMESTRES\\SEMESTRE VIII\\INTERACCION HUMANO COMPUTADOR\\gestion-eventos\\app.js","statementMap":{"0":{"start":{"line":1,"column":0},"end":{"line":1,"column":27}},"1":{"start":{"line":3,"column":16},"end":{"line":3,"column":34}},"2":{"start":{"line":4,"column":13},"end":{"line":4,"column":28}},"3":{"start":{"line":6,"column":12},"end":{"line":6,"column":21}},"4":{"start":{"line":7,"column":0},"end":{"line":7,"column":28}},"5":{"start":{"line":9,"column":0},"end":{"line":9,"column":24}},"6":{"start":{"line":11,"column":0},"end":{"line":11,"column":56}},"7":{"start":{"line":13,"column":0},"end":{"line":13,"column":49}},"8":{"start":{"line":14,"column":0},"end":{"line":14,"column":76}},"9":{"start":{"line":15,"column":0},"end":{"line":15,"column":51}},"10":{"start":{"line":17,"column":0},"end":{"line":17,"column":21}}},"fnMap":{},"branchMap":{},"s":{"0":3,"1":3,"2":3,"3":3,"4":3,"5":3,"6":3,"7":3,"8":3,"9":3,"10":3},"f":{},"b":{},"_coverageSchema":"1a1c01bbd47fc00a2c39e90264f33305004495a9","hash":"59a56f7776d078b1b662a95f85c741ed333eb332"}
,"C:\\Users\\anaca\\OneDrive\\Documentos\\SEMESTRES\\SEMESTRE VIII\\INTERACCION HUMANO COMPUTADOR\\gestion-eventos\\config\\db.js": {"path":"C:\\Users\\anaca\\OneDrive\\Documentos\\SEMESTRES\\SEMESTRE VIII\\INTERACCION HUMANO COMPUTADOR\\gestion-eventos\\config\\db.js","statementMap":{"0":{"start":{"line":1,"column":17},"end":{"line":1,"column":36}},"1":{"start":{"line":4,"column":2},"end":{"line":10,"column":3}},"2":{"start":{"line":5,"column":4},"end":{"line":5,"column":52}},"3":{"start":{"line":6,"column":4},"end":{"line":6,"column":39}},"4":{"start":{"line":8,"column":4},"end":{"line":8,"column":62}},"5":{"start":{"line":9,"column":4},"end":{"line":9,"column":20}},"6":{"start":{"line":13,"column":0},"end":{"line":13,"column":27}}},"fnMap":{"0":{"name":"connectDB","decl":{"start":{"line":3,"column":15},"end":{"line":3,"column":24}},"loc":{"start":{"line":3,"column":27},"end":{"line":11,"column":1}},"line":3}},"branchMap":{},"s":{"0":3,"1":5,"2":5,"3":5,"4":0,"5":0,"6":3},"f":{"0":5},"b":{},"_coverageSchema":"1a1c01bbd47fc00a2c39e90264f33305004495a9","hash":"fa35565ece086765b80c108ea680e39219eec1f3"}
,"C:\\Users\\anaca\\OneDrive\\Documentos\\SEMESTRES\\SEMESTRE VIII\\INTERACCION HUMANO COMPUTADOR\\gestion-eventos\\middleware\\auth.js": {"path":"C:\\Users\\anaca\\OneDrive\\Documentos\\SEMESTRES\\SEMESTRE VIII\\INTERACCION HUMANO COMPUTADOR\\gestion-eventos\\middleware\\auth.js","statementMap":{"0":{"start":{"line":1,"column":12},"end":{"line":1,"column":35}},"1":{"start":{"line":2,"column":13},"end":{"line":2,"column":38}},"2":{"start":{"line":5,"column":21},"end":{"line":5,"column":46}},"3":{"start":{"line":6,"column":2},"end":{"line":8,"column":3}},"4":{"start":{"line":7,"column":4},"end":{"line":7,"column":63}},"5":{"start":{"line":9,"column":16},"end":{"line":9,"column":40}},"6":{"start":{"line":10,"column":2},"end":{"line":21,"column":3}},"7":{"start":{"line":11,"column":20},"end":{"line":11,"column":61}},"8":{"start":{"line":12,"column":17},"end":{"line":12,"column":48}},"9":{"start":{"line":13,"column":4},"end":{"line":13,"column":81}},"10":{"start":{"line":13,"column":15},"end":{"line":13,"column":81}},"11":{"start":{"line":14,"column":4},"end":{"line":14,"column":20}},"12":{"start":{"line":15,"column":4},"end":{"line":15,"column":11}},"13":{"start":{"line":19,"column":4},"end":{"line":19,"column":60}},"14":{"start":{"line":20,"column":4},"end":{"line":20,"column":74}},"15":{"start":{"line":25,"column":2},"end":{"line":27,"column":3}},"16":{"start":{"line":26,"column":4},"end":{"line":26,"column":85}},"17":{"start":{"line":28,"column":2},"end":{"line":28,"column":9}},"18":{"start":{"line":31,"column":0},"end":{"line":31,"column":46}}},"fnMap":{"0":{"name":"verifyToken","decl":{"start":{"line":4,"column":15},"end":{"line":4,"column":26}},"loc":{"start":{"line":4,"column":43},"end":{"line":22,"column":1}},"line":4},"1":{"name":"isOrganizer","decl":{"start":{"line":24,"column":9},"end":{"line":24,"column":20}},"loc":{"start":{"line":24,"column":37},"end":{"line":29,"column":1}},"line":24}},"branchMap":{"0":{"loc":{"start":{"line":6,"column":2},"end":{"line":8,"column":3}},"type":"if","locations":[{"start":{"line":6,"column":2},"end":{"line":8,"column":3}},{"start":{},"end":{}}],"line":6},"1":{"loc":{"start":{"line":13,"column":4},"end":{"line":13,"column":81}},"type":"if","locations":[{"start":{"line":13,"column":4},"end":{"line":13,"column":81}},{"start":{},"end":{}}],"line":13},"2":{"loc":{"start":{"line":25,"column":2},"end":{"line":27,"column":3}},"type":"if","locations":[{"start":{"line":25,"column":2},"end":{"line":27,"column":3}},{"start":{},"end":{}}],"line":25}},"s":{"0":3,"1":3,"2":56,"3":56,"4":3,"5":53,"6":53,"7":53,"8":52,"9":52,"10":0,"11":52,"12":52,"13":1,"14":1,"15":32,"16":2,"17":30,"18":3},"f":{"0":56,"1":32},"b":{"0":[3,53],"1":[0,52],"2":[2,30]},"_coverageSchema":"1a1c01bbd47fc00a2c39e90264f33305004495a9","hash":"7908abeb29addda3dd9f0fc6c90bb707df5cab66"}
,"C:\\Users\\anaca\\OneDrive\\Documentos\\SEMESTRES\\SEMESTRE VIII\\INTERACCION HUMANO COMPUTADOR\\gestion-eventos\\models\\Event.js": {"path":"C:\\Users\\anaca\\OneDrive\\Documentos\\SEMESTRES\\SEMESTRE VIII\\INTERACCION HUMANO COMPUTADOR\\gestion-eventos\\models\\Event.js","statementMap":{"0":{"start":{"line":1,"column":17},"end":{"line":1,"column":36}},"1":{"start":{"line":3,"column":20},"end":{"line":12,"column":2}},"2":{"start":{"line":14,"column":0},"end":{"line":14,"column":54}}},"fnMap":{},"branchMap":{},"s":{"0":3,"1":3,"2":3},"f":{},"b":{},"_coverageSchema":"1a1c01bbd47fc00a2c39e90264f33305004495a9","hash":"ee3bcff01110afd13f93e2718718637f5cf77339"}
,"C:\\Users\\anaca\\OneDrive\\Documentos\\SEMESTRES\\SEMESTRE VIII\\INTERACCION HUMANO COMPUTADOR\\gestion-eventos\\models\\Registration.js": {"path":"C:\\Users\\anaca\\OneDrive\\Documentos\\SEMESTRES\\SEMESTRE VIII\\INTERACCION HUMANO COMPUTADOR\\gestion-eventos\\models\\Registration.js","statementMap":{"0":{"start":{"line":1,"column":17},"end":{"line":1,"column":36}},"1":{"start":{"line":3,"column":27},"end":{"line":8,"column":2}},"2":{"start":{"line":10,"column":0},"end":{"line":10,"column":68}}},"fnMap":{},"branchMap":{},"s":{"0":3,"1":3,"2":3},"f":{},"b":{},"_coverageSchema":"1a1c01bbd47fc00a2c39e90264f33305004495a9","hash":"df33a1164082bee5308f2b0b676d2a56ed48ba5a"}
,"C:\\Users\\anaca\\OneDrive\\Documentos\\SEMESTRES\\SEMESTRE VIII\\INTERACCION HUMANO COMPUTADOR\\gestion-eventos\\models\\Reports.js": {"path":"C:\\Users\\anaca\\OneDrive\\Documentos\\SEMESTRES\\SEMESTRE VIII\\INTERACCION HUMANO COMPUTADOR\\gestion-eventos\\models\\Reports.js","statementMap":{"0":{"start":{"line":1,"column":17},"end":{"line":1,"column":36}},"1":{"start":{"line":3,"column":21},"end":{"line":10,"column":2}},"2":{"start":{"line":12,"column":0},"end":{"line":12,"column":56}}},"fnMap":{},"branchMap":{},"s":{"0":3,"1":3,"2":3},"f":{},"b":{},"_coverageSchema":"1a1c01bbd47fc00a2c39e90264f33305004495a9","hash":"6cfcee7453dbc72267fc2eafc4c8c7c436dec460"}
,"C:\\Users\\anaca\\OneDrive\\Documentos\\SEMESTRES\\SEMESTRE VIII\\INTERACCION HUMANO COMPUTADOR\\gestion-eventos\\models\\User.js": {"path":"C:\\Users\\anaca\\OneDrive\\Documentos\\SEMESTRES\\SEMESTRE VIII\\INTERACCION HUMANO COMPUTADOR\\gestion-eventos\\models\\User.js","statementMap":{"0":{"start":{"line":1,"column":17},"end":{"line":1,"column":36}},"1":{"start":{"line":2,"column":15},"end":{"line":2,"column":34}},"2":{"start":{"line":4,"column":19},"end":{"line":10,"column":2}},"3":{"start":{"line":13,"column":0},"end":{"line":17,"column":3}},"4":{"start":{"line":14,"column":2},"end":{"line":14,"column":50}},"5":{"start":{"line":14,"column":36},"end":{"line":14,"column":50}},"6":{"start":{"line":15,"column":2},"end":{"line":15,"column":55}},"7":{"start":{"line":16,"column":2},"end":{"line":16,"column":9}},"8":{"start":{"line":20,"column":0},"end":{"line":22,"column":2}},"9":{"start":{"line":21,"column":2},"end":{"line":21,"column":58}},"10":{"start":{"line":24,"column":0},"end":{"line":24,"column":52}}},"fnMap":{"0":{"name":"(anonymous_0)","decl":{"start":{"line":13,"column":23},"end":{"line":13,"column":24}},"loc":{"start":{"line":13,"column":45},"end":{"line":17,"column":1}},"line":13},"1":{"name":"(anonymous_1)","decl":{"start":{"line":20,"column":37},"end":{"line":20,"column":38}},"loc":{"start":{"line":20,"column":66},"end":{"line":22,"column":1}},"line":20}},"branchMap":{"0":{"loc":{"start":{"line":14,"column":2},"end":{"line":14,"column":50}},"type":"if","locations":[{"start":{"line":14,"column":2},"end":{"line":14,"column":50}},{"start":{},"end":{}}],"line":14}},"s":{"0":3,"1":3,"2":3,"3":3,"4":52,"5":2,"6":50,"7":50,"8":3,"9":48,"10":3},"f":{"0":52,"1":48},"b":{"0":[2,50]},"_coverageSchema":"1a1c01bbd47fc00a2c39e90264f33305004495a9","hash":"28d533fa36e6759c3b5177b1c15b7de15bd5f9fa"}
,"C:\\Users\\anaca\\OneDrive\\Documentos\\SEMESTRES\\SEMESTRE VIII\\INTERACCION HUMANO COMPUTADOR\\gestion-eventos\\routes\\Events.js": {"path":"C:\\Users\\anaca\\OneDrive\\Documentos\\SEMESTRES\\SEMESTRE VIII\\INTERACCION HUMANO COMPUTADOR\\gestion-eventos\\routes\\Events.js","statementMap":{"0":{"start":{"line":1,"column":16},"end":{"line":1,"column":34}},"1":{"start":{"line":2,"column":17},"end":{"line":2,"column":36}},"2":{"start":{"line":3,"column":15},"end":{"line":3,"column":31}},"3":{"start":{"line":4,"column":14},"end":{"line":4,"column":40}},"4":{"start":{"line":5,"column":21},"end":{"line":5,"column":54}},"5":{"start":{"line":6,"column":15},"end":{"line":6,"column":43}},"6":{"start":{"line":7,"column":37},"end":{"line":7,"column":66}},"7":{"start":{"line":10,"column":2},"end":{"line":14,"column":3}},"8":{"start":{"line":12,"column":21},"end":{"line":12,"column":78}},"9":{"start":{"line":12,"column":56},"end":{"line":12,"column":65}},"10":{"start":{"line":13,"column":4},"end":{"line":13,"column":47}},"11":{"start":{"line":15,"column":2},"end":{"line":15,"column":21}},"12":{"start":{"line":18,"column":0},"end":{"line":25,"column":3}},"13":{"start":{"line":19,"column":2},"end":{"line":24,"column":3}},"14":{"start":{"line":20,"column":18},"end":{"line":20,"column":80}},"15":{"start":{"line":21,"column":4},"end":{"line":21,"column":32}},"16":{"start":{"line":23,"column":4},"end":{"line":23,"column":57}},"17":{"start":{"line":27,"column":0},"end":{"line":40,"column":3}},"18":{"start":{"line":28,"column":2},"end":{"line":39,"column":3}},"19":{"start":{"line":29,"column":18},"end":{"line":29,"column":53}},"20":{"start":{"line":30,"column":4},"end":{"line":30,"column":81}},"21":{"start":{"line":30,"column":16},"end":{"line":30,"column":81}},"22":{"start":{"line":31,"column":4},"end":{"line":33,"column":5}},"23":{"start":{"line":32,"column":6},"end":{"line":32,"column":96}},"24":{"start":{"line":34,"column":4},"end":{"line":34,"column":35}},"25":{"start":{"line":35,"column":4},"end":{"line":35,"column":23}},"26":{"start":{"line":36,"column":4},"end":{"line":36,"column":20}},"27":{"start":{"line":38,"column":4},"end":{"line":38,"column":57}},"28":{"start":{"line":42,"column":0},"end":{"line":54,"column":3}},"29":{"start":{"line":43,"column":2},"end":{"line":53,"column":3}},"30":{"start":{"line":44,"column":18},"end":{"line":44,"column":53}},"31":{"start":{"line":45,"column":4},"end":{"line":45,"column":81}},"32":{"start":{"line":45,"column":16},"end":{"line":45,"column":81}},"33":{"start":{"line":46,"column":4},"end":{"line":48,"column":5}},"34":{"start":{"line":47,"column":6},"end":{"line":47,"column":98}},"35":{"start":{"line":49,"column":4},"end":{"line":49,"column":28}},"36":{"start":{"line":50,"column":4},"end":{"line":50,"column":46}},"37":{"start":{"line":52,"column":4},"end":{"line":52,"column":57}},"38":{"start":{"line":56,"column":0},"end":{"line":67,"column":3}},"39":{"start":{"line":57,"column":2},"end":{"line":66,"column":3}},"40":{"start":{"line":58,"column":19},"end":{"line":58,"column":55}},"41":{"start":{"line":59,"column":25},"end":{"line":62,"column":7}},"42":{"start":{"line":60,"column":25},"end":{"line":60,"column":103}},"43":{"start":{"line":61,"column":6},"end":{"line":61,"column":85}},"44":{"start":{"line":63,"column":4},"end":{"line":63,"column":27}},"45":{"start":{"line":65,"column":4},"end":{"line":65,"column":57}},"46":{"start":{"line":69,"column":0},"end":{"line":81,"column":3}},"47":{"start":{"line":70,"column":2},"end":{"line":80,"column":3}},"48":{"start":{"line":71,"column":4},"end":{"line":73,"column":5}},"49":{"start":{"line":72,"column":6},"end":{"line":72,"column":72}},"50":{"start":{"line":74,"column":18},"end":{"line":74,"column":53}},"51":{"start":{"line":75,"column":4},"end":{"line":75,"column":81}},"52":{"start":{"line":75,"column":16},"end":{"line":75,"column":81}},"53":{"start":{"line":76,"column":23},"end":{"line":76,"column":101}},"54":{"start":{"line":77,"column":4},"end":{"line":77,"column":86}},"55":{"start":{"line":79,"column":4},"end":{"line":79,"column":57}},"56":{"start":{"line":83,"column":0},"end":{"line":112,"column":3}},"57":{"start":{"line":84,"column":2},"end":{"line":111,"column":3}},"58":{"start":{"line":85,"column":18},"end":{"line":85,"column":53}},"59":{"start":{"line":86,"column":4},"end":{"line":86,"column":81}},"60":{"start":{"line":86,"column":16},"end":{"line":86,"column":81}},"61":{"start":{"line":87,"column":4},"end":{"line":89,"column":5}},"62":{"start":{"line":88,"column":6},"end":{"line":88,"column":111}},"63":{"start":{"line":91,"column":26},"end":{"line":92,"column":46}},"64":{"start":{"line":94,"column":19},"end":{"line":106,"column":6}},"65":{"start":{"line":100,"column":46},"end":{"line":104,"column":9}},"66":{"start":{"line":108,"column":4},"end":{"line":108,"column":33}},"67":{"start":{"line":110,"column":4},"end":{"line":110,"column":57}},"68":{"start":{"line":114,"column":0},"end":{"line":126,"column":3}},"69":{"start":{"line":115,"column":2},"end":{"line":125,"column":3}},"70":{"start":{"line":116,"column":18},"end":{"line":116,"column":53}},"71":{"start":{"line":117,"column":4},"end":{"line":117,"column":81}},"72":{"start":{"line":117,"column":16},"end":{"line":117,"column":81}},"73":{"start":{"line":118,"column":4},"end":{"line":120,"column":5}},"74":{"start":{"line":119,"column":6},"end":{"line":119,"column":109}},"75":{"start":{"line":121,"column":20},"end":{"line":121,"column":87}},"76":{"start":{"line":122,"column":4},"end":{"line":122,"column":22}},"77":{"start":{"line":124,"column":4},"end":{"line":124,"column":57}},"78":{"start":{"line":128,"column":0},"end":{"line":128,"column":24}}},"fnMap":{"0":{"name":"errorMessage","decl":{"start":{"line":9,"column":9},"end":{"line":9,"column":21}},"loc":{"start":{"line":9,"column":27},"end":{"line":16,"column":1}},"line":9},"1":{"name":"(anonymous_1)","decl":{"start":{"line":12,"column":51},"end":{"line":12,"column":52}},"loc":{"start":{"line":12,"column":56},"end":{"line":12,"column":65}},"line":12},"2":{"name":"(anonymous_2)","decl":{"start":{"line":18,"column":43},"end":{"line":18,"column":44}},"loc":{"start":{"line":18,"column":63},"end":{"line":25,"column":1}},"line":18},"3":{"name":"(anonymous_3)","decl":{"start":{"line":27,"column":45},"end":{"line":27,"column":46}},"loc":{"start":{"line":27,"column":65},"end":{"line":40,"column":1}},"line":27},"4":{"name":"(anonymous_4)","decl":{"start":{"line":42,"column":48},"end":{"line":42,"column":49}},"loc":{"start":{"line":42,"column":68},"end":{"line":54,"column":1}},"line":42},"5":{"name":"(anonymous_5)","decl":{"start":{"line":56,"column":16},"end":{"line":56,"column":17}},"loc":{"start":{"line":56,"column":36},"end":{"line":67,"column":1}},"line":56},"6":{"name":"(anonymous_6)","decl":{"start":{"line":59,"column":54},"end":{"line":59,"column":55}},"loc":{"start":{"line":59,"column":71},"end":{"line":62,"column":5}},"line":59},"7":{"name":"(anonymous_7)","decl":{"start":{"line":69,"column":19},"end":{"line":69,"column":20}},"loc":{"start":{"line":69,"column":39},"end":{"line":81,"column":1}},"line":69},"8":{"name":"(anonymous_8)","decl":{"start":{"line":83,"column":54},"end":{"line":83,"column":55}},"loc":{"start":{"line":83,"column":74},"end":{"line":112,"column":1}},"line":83},"9":{"name":"(anonymous_9)","decl":{"start":{"line":100,"column":40},"end":{"line":100,"column":41}},"loc":{"start":{"line":100,"column":46},"end":{"line":104,"column":9}},"line":100},"10":{"name":"(anonymous_10)","decl":{"start":{"line":114,"column":53},"end":{"line":114,"column":54}},"loc":{"start":{"line":114,"column":73},"end":{"line":126,"column":1}},"line":114}},"branchMap":{"0":{"loc":{"start":{"line":10,"column":2},"end":{"line":14,"column":3}},"type":"if","locations":[{"start":{"line":10,"column":2},"end":{"line":14,"column":3}},{"start":{},"end":{}}],"line":10},"1":{"loc":{"start":{"line":30,"column":4},"end":{"line":30,"column":81}},"type":"if","locations":[{"start":{"line":30,"column":4},"end":{"line":30,"column":81}},{"start":{},"end":{}}],"line":30},"2":{"loc":{"start":{"line":31,"column":4},"end":{"line":33,"column":5}},"type":"if","locations":[{"start":{"line":31,"column":4},"end":{"line":33,"column":5}},{"start":{},"end":{}}],"line":31},"3":{"loc":{"start":{"line":45,"column":4},"end":{"line":45,"column":81}},"type":"if","locations":[{"start":{"line":45,"column":4},"end":{"line":45,"column":81}},{"start":{},"end":{}}],"line":45},"4":{"loc":{"start":{"line":46,"column":4},"end":{"line":48,"column":5}},"type":"if","locations":[{"start":{"line":46,"column":4},"end":{"line":48,"column":5}},{"start":{},"end":{}}],"line":46},"5":{"loc":{"start":{"line":71,"column":4},"end":{"line":73,"column":5}},"type":"if","locations":[{"start":{"line":71,"column":4},"end":{"line":73,"column":5}},{"start":{},"end":{}}],"line":71},"6":{"loc":{"start":{"line":75,"column":4},"end":{"line":75,"column":81}},"type":"if","locations":[{"start":{"line":75,"column":4},"end":{"line":75,"column":81}},{"start":{},"end":{}}],"line":75},"7":{"loc":{"start":{"line":86,"column":4},"end":{"line":86,"column":81}},"type":"if","locations":[{"start":{"line":86,"column":4},"end":{"line":86,"column":81}},{"start":{},"end":{}}],"line":86},"8":{"loc":{"start":{"line":87,"column":4},"end":{"line":89,"column":5}},"type":"if","locations":[{"start":{"line":87,"column":4},"end":{"line":89,"column":5}},{"start":{},"end":{}}],"line":87},"9":{"loc":{"start":{"line":117,"column":4},"end":{"line":117,"column":81}},"type":"if","locations":[{"start":{"line":117,"column":4},"end":{"line":117,"column":81}},{"start":{},"end":{}}],"line":117},"10":{"loc":{"start":{"line":118,"column":4},"end":{"line":120,"column":5}},"type":"if","locations":[{"start":{"line":118,"column":4},"end":{"line":120,"column":5}},{"start":{},"end":{}}],"line":118}},"s":{"0":3,"1":3,"2":3,"3":3,"4":3,"5":3,"6":3,"7":2,"8":2,"9":6,"10":2,"11":0,"12":3,"13":18,"14":18,"15":17,"16":1,"17":3,"18":4,"19":4,"20":4,"21":1,"22":3,"23":1,"24":2,"25":2,"26":1,"27":1,"28":3,"29":3,"30":3,"31":3,"32":1,"33":2,"34":1,"35":1,"36":1,"37":0,"38":3,"39":1,"40":1,"41":1,"42":23,"43":23,"44":1,"45":0,"46":3,"47":4,"48":4,"49":1,"50":3,"51":3,"52":2,"53":1,"54":1,"55":0,"56":3,"57":3,"58":3,"59":3,"60":0,"61":3,"62":1,"63":2,"64":2,"65":0,"66":2,"67":0,"68":3,"69":2,"70":2,"71":2,"72":0,"73":2,"74":1,"75":1,"76":1,"77":0,"78":3},"f":{"0":2,"1":6,"2":18,"3":4,"4":3,"5":1,"6":23,"7":4,"8":3,"9":0,"10":2},"b":{"0":[2,0],"1":[1,3],"2":[1,2],"3":[1,2],"4":[1,1],"5":[1,3],"6":[2,1],"7":[0,3],"8":[1,2],"9":[0,2],"10":[1,1]},"_coverageSchema":"1a1c01bbd47fc00a2c39e90264f33305004495a9","hash":"9af3fdae772ad4d43ef318aeff9ecfa9c09e6e4e"}
,"C:\\Users\\anaca\\OneDrive\\Documentos\\SEMESTRES\\SEMESTRE VIII\\INTERACCION HUMANO COMPUTADOR\\gestion-eventos\\routes\\Registrations.js": {"path":"C:\\Users\\anaca\\OneDrive\\Documentos\\SEMESTRES\\SEMESTRE VIII\\INTERACCION HUMANO COMPUTADOR\\gestion-eventos\\routes\\Registrations.js","statementMap":{"0":{"start":{"line":1,"column":16},"end":{"line":1,"column":34}},"1":{"start":{"line":2,"column":17},"end":{"line":2,"column":36}},"2":{"start":{"line":3,"column":15},"end":{"line":3,"column":52}},"3":{"start":{"line":4,"column":14},"end":{"line":4,"column":40}},"4":{"start":{"line":5,"column":21},"end":{"line":5,"column":54}},"5":{"start":{"line":6,"column":24},"end":{"line":6,"column":53}},"6":{"start":{"line":7,"column":39},"end":{"line":7,"column":65}},"7":{"start":{"line":9,"column":0},"end":{"line":19,"column":3}},"8":{"start":{"line":10,"column":2},"end":{"line":18,"column":3}},"9":{"start":{"line":11,"column":4},"end":{"line":13,"column":5}},"10":{"start":{"line":12,"column":6},"end":{"line":12,"column":72}},"11":{"start":{"line":14,"column":26},"end":{"line":14,"column":117}},"12":{"start":{"line":15,"column":4},"end":{"line":15,"column":28}},"13":{"start":{"line":17,"column":4},"end":{"line":17,"column":51}},"14":{"start":{"line":21,"column":0},"end":{"line":59,"column":3}},"15":{"start":{"line":22,"column":2},"end":{"line":58,"column":3}},"16":{"start":{"line":23,"column":4},"end":{"line":25,"column":5}},"17":{"start":{"line":24,"column":6},"end":{"line":24,"column":72}},"18":{"start":{"line":27,"column":18},"end":{"line":27,"column":53}},"19":{"start":{"line":28,"column":4},"end":{"line":28,"column":81}},"20":{"start":{"line":28,"column":16},"end":{"line":28,"column":81}},"21":{"start":{"line":31,"column":23},"end":{"line":31,"column":101}},"22":{"start":{"line":32,"column":4},"end":{"line":34,"column":5}},"23":{"start":{"line":33,"column":6},"end":{"line":33,"column":92}},"24":{"start":{"line":36,"column":30},"end":{"line":38,"column":6}},"25":{"start":{"line":39,"column":4},"end":{"line":41,"column":5}},"26":{"start":{"line":40,"column":6},"end":{"line":40,"column":85}},"27":{"start":{"line":44,"column":25},"end":{"line":44,"column":103}},"28":{"start":{"line":48,"column":4},"end":{"line":52,"column":5}},"29":{"start":{"line":49,"column":6},"end":{"line":49,"column":62}},"30":{"start":{"line":51,"column":6},"end":{"line":51,"column":81}},"31":{"start":{"line":55,"column":4},"end":{"line":55,"column":75}},"32":{"start":{"line":57,"column":4},"end":{"line":57,"column":51}},"33":{"start":{"line":61,"column":0},"end":{"line":74,"column":3}},"34":{"start":{"line":62,"column":2},"end":{"line":73,"column":3}},"35":{"start":{"line":63,"column":25},"end":{"line":63,"column":79}},"36":{"start":{"line":64,"column":4},"end":{"line":64,"column":90}},"37":{"start":{"line":64,"column":23},"end":{"line":64,"column":90}},"38":{"start":{"line":65,"column":4},"end":{"line":67,"column":5}},"39":{"start":{"line":66,"column":6},"end":{"line":66,"column":96}},"40":{"start":{"line":68,"column":4},"end":{"line":68,"column":38}},"41":{"start":{"line":69,"column":4},"end":{"line":69,"column":30}},"42":{"start":{"line":70,"column":4},"end":{"line":70,"column":62}},"43":{"start":{"line":72,"column":4},"end":{"line":72,"column":51}},"44":{"start":{"line":76,"column":0},"end":{"line":76,"column":24}}},"fnMap":{"0":{"name":"(anonymous_0)","decl":{"start":{"line":9,"column":29},"end":{"line":9,"column":30}},"loc":{"start":{"line":9,"column":49},"end":{"line":19,"column":1}},"line":9},"1":{"name":"(anonymous_1)","decl":{"start":{"line":21,"column":30},"end":{"line":21,"column":31}},"loc":{"start":{"line":21,"column":50},"end":{"line":59,"column":1}},"line":21},"2":{"name":"(anonymous_2)","decl":{"start":{"line":61,"column":53},"end":{"line":61,"column":54}},"loc":{"start":{"line":61,"column":73},"end":{"line":74,"column":1}},"line":61}},"branchMap":{"0":{"loc":{"start":{"line":11,"column":4},"end":{"line":13,"column":5}},"type":"if","locations":[{"start":{"line":11,"column":4},"end":{"line":13,"column":5}},{"start":{},"end":{}}],"line":11},"1":{"loc":{"start":{"line":23,"column":4},"end":{"line":25,"column":5}},"type":"if","locations":[{"start":{"line":23,"column":4},"end":{"line":25,"column":5}},{"start":{},"end":{}}],"line":23},"2":{"loc":{"start":{"line":28,"column":4},"end":{"line":28,"column":81}},"type":"if","locations":[{"start":{"line":28,"column":4},"end":{"line":28,"column":81}},{"start":{},"end":{}}],"line":28},"3":{"loc":{"start":{"line":32,"column":4},"end":{"line":34,"column":5}},"type":"if","locations":[{"start":{"line":32,"column":4},"end":{"line":34,"column":5}},{"start":{},"end":{}}],"line":32},"4":{"loc":{"start":{"line":39,"column":4},"end":{"line":41,"column":5}},"type":"if","locations":[{"start":{"line":39,"column":4},"end":{"line":41,"column":5}},{"start":{},"end":{}}],"line":39},"5":{"loc":{"start":{"line":64,"column":4},"end":{"line":64,"column":90}},"type":"if","locations":[{"start":{"line":64,"column":4},"end":{"line":64,"column":90}},{"start":{},"end":{}}],"line":64},"6":{"loc":{"start":{"line":65,"column":4},"end":{"line":67,"column":5}},"type":"if","locations":[{"start":{"line":65,"column":4},"end":{"line":67,"column":5}},{"start":{},"end":{}}],"line":65}},"s":{"0":3,"1":3,"2":3,"3":3,"4":3,"5":3,"6":3,"7":3,"8":1,"9":1,"10":0,"11":1,"12":1,"13":0,"14":3,"15":9,"16":9,"17":1,"18":8,"19":8,"20":1,"21":7,"22":7,"23":1,"24":6,"25":6,"26":1,"27":5,"28":5,"29":5,"30":0,"31":5,"32":0,"33":3,"34":2,"35":2,"36":2,"37":1,"38":1,"39":0,"40":1,"41":1,"42":1,"43":0,"44":3},"f":{"0":1,"1":9,"2":2},"b":{"0":[0,1],"1":[1,8],"2":[1,7],"3":[1,6],"4":[1,5],"5":[1,1],"6":[0,1]},"_coverageSchema":"1a1c01bbd47fc00a2c39e90264f33305004495a9","hash":"0db4f521586ca6d7f1b91e9cdacc52de4f0ceb27"}
,"C:\\Users\\anaca\\OneDrive\\Documentos\\SEMESTRES\\SEMESTRE VIII\\INTERACCION HUMANO COMPUTADOR\\gestion-eventos\\routes\\Users.js": {"path":"C:\\Users\\anaca\\OneDrive\\Documentos\\SEMESTRES\\SEMESTRE VIII\\INTERACCION HUMANO COMPUTADOR\\gestion-eventos\\routes\\Users.js","statementMap":{"0":{"start":{"line":1,"column":16},"end":{"line":1,"column":34}},"1":{"start":{"line":2,"column":12},"end":{"line":2,"column":35}},"2":{"start":{"line":3,"column":15},"end":{"line":3,"column":31}},"3":{"start":{"line":4,"column":13},"end":{"line":4,"column":38}},"4":{"start":{"line":5,"column":21},"end":{"line":5,"column":54}},"5":{"start":{"line":6,"column":24},"end":{"line":6,"column":53}},"6":{"start":{"line":9,"column":2},"end":{"line":11,"column":3}},"7":{"start":{"line":10,"column":4},"end":{"line":10,"column":72}},"8":{"start":{"line":12,"column":2},"end":{"line":14,"column":3}},"9":{"start":{"line":13,"column":4},"end":{"line":13,"column":51}},"10":{"start":{"line":15,"column":2},"end":{"line":15,"column":21}},"11":{"start":{"line":18,"column":0},"end":{"line":35,"column":3}},"12":{"start":{"line":19,"column":2},"end":{"line":34,"column":3}},"13":{"start":{"line":20,"column":48},"end":{"line":20,"column":56}},"14":{"start":{"line":21,"column":4},"end":{"line":23,"column":5}},"15":{"start":{"line":22,"column":6},"end":{"line":22,"column":84}},"16":{"start":{"line":24,"column":4},"end":{"line":26,"column":5}},"17":{"start":{"line":25,"column":6},"end":{"line":25,"column":97}},"18":{"start":{"line":27,"column":21},"end":{"line":27,"column":50}},"19":{"start":{"line":28,"column":4},"end":{"line":28,"column":98}},"20":{"start":{"line":28,"column":18},"end":{"line":28,"column":98}},"21":{"start":{"line":30,"column":17},"end":{"line":30,"column":71}},"22":{"start":{"line":31,"column":4},"end":{"line":31,"column":104}},"23":{"start":{"line":33,"column":4},"end":{"line":33,"column":57}},"24":{"start":{"line":37,"column":0},"end":{"line":52,"column":3}},"25":{"start":{"line":38,"column":2},"end":{"line":51,"column":3}},"26":{"start":{"line":39,"column":32},"end":{"line":39,"column":40}},"27":{"start":{"line":40,"column":17},"end":{"line":40,"column":66}},"28":{"start":{"line":41,"column":4},"end":{"line":43,"column":5}},"29":{"start":{"line":42,"column":6},"end":{"line":42,"column":82}},"30":{"start":{"line":44,"column":18},"end":{"line":44,"column":89}},"31":{"start":{"line":45,"column":4},"end":{"line":48,"column":7}},"32":{"start":{"line":50,"column":4},"end":{"line":50,"column":57}},"33":{"start":{"line":55,"column":0},"end":{"line":64,"column":3}},"34":{"start":{"line":56,"column":2},"end":{"line":63,"column":3}},"35":{"start":{"line":57,"column":26},"end":{"line":59,"column":25}},"36":{"start":{"line":60,"column":4},"end":{"line":60,"column":28}},"37":{"start":{"line":62,"column":4},"end":{"line":62,"column":57}},"38":{"start":{"line":67,"column":0},"end":{"line":99,"column":3}},"39":{"start":{"line":68,"column":2},"end":{"line":98,"column":3}},"40":{"start":{"line":69,"column":58},"end":{"line":69,"column":66}},"41":{"start":{"line":70,"column":17},"end":{"line":70,"column":70}},"42":{"start":{"line":72,"column":4},"end":{"line":72,"column":31}},"43":{"start":{"line":72,"column":14},"end":{"line":72,"column":31}},"44":{"start":{"line":74,"column":4},"end":{"line":78,"column":5}},"45":{"start":{"line":75,"column":23},"end":{"line":75,"column":73}},"46":{"start":{"line":76,"column":6},"end":{"line":76,"column":100}},"47":{"start":{"line":76,"column":20},"end":{"line":76,"column":100}},"48":{"start":{"line":77,"column":6},"end":{"line":77,"column":39}},"49":{"start":{"line":80,"column":4},"end":{"line":92,"column":5}},"50":{"start":{"line":81,"column":6},"end":{"line":83,"column":7}},"51":{"start":{"line":82,"column":8},"end":{"line":82,"column":105}},"52":{"start":{"line":84,"column":6},"end":{"line":86,"column":7}},"53":{"start":{"line":85,"column":8},"end":{"line":85,"column":103}},"54":{"start":{"line":87,"column":23},"end":{"line":87,"column":66}},"55":{"start":{"line":88,"column":6},"end":{"line":90,"column":7}},"56":{"start":{"line":89,"column":8},"end":{"line":89,"column":88}},"57":{"start":{"line":91,"column":6},"end":{"line":91,"column":34}},"58":{"start":{"line":94,"column":4},"end":{"line":94,"column":22}},"59":{"start":{"line":95,"column":4},"end":{"line":95,"column":92}},"60":{"start":{"line":97,"column":4},"end":{"line":97,"column":57}},"61":{"start":{"line":102,"column":0},"end":{"line":109,"column":3}},"62":{"start":{"line":103,"column":2},"end":{"line":108,"column":3}},"63":{"start":{"line":104,"column":17},"end":{"line":104,"column":72}},"64":{"start":{"line":105,"column":4},"end":{"line":105,"column":29}},"65":{"start":{"line":107,"column":4},"end":{"line":107,"column":57}},"66":{"start":{"line":112,"column":0},"end":{"line":123,"column":3}},"67":{"start":{"line":113,"column":2},"end":{"line":122,"column":3}},"68":{"start":{"line":114,"column":17},"end":{"line":114,"column":50}},"69":{"start":{"line":115,"column":4},"end":{"line":118,"column":5}},"70":{"start":{"line":115,"column":35},"end":{"line":115,"column":68}},"71":{"start":{"line":116,"column":6},"end":{"line":116,"column":46}},"72":{"start":{"line":117,"column":6},"end":{"line":117,"column":24}},"73":{"start":{"line":119,"column":4},"end":{"line":119,"column":44}},"74":{"start":{"line":121,"column":4},"end":{"line":121,"column":57}},"75":{"start":{"line":126,"column":0},"end":{"line":135,"column":3}},"76":{"start":{"line":127,"column":2},"end":{"line":134,"column":3}},"77":{"start":{"line":128,"column":17},"end":{"line":128,"column":50}},"78":{"start":{"line":129,"column":4},"end":{"line":129,"column":84}},"79":{"start":{"line":129,"column":49},"end":{"line":129,"column":82}},"80":{"start":{"line":130,"column":4},"end":{"line":130,"column":22}},"81":{"start":{"line":131,"column":4},"end":{"line":131,"column":44}},"82":{"start":{"line":133,"column":4},"end":{"line":133,"column":57}},"83":{"start":{"line":137,"column":0},"end":{"line":137,"column":24}}},"fnMap":{"0":{"name":"errorMessage","decl":{"start":{"line":8,"column":9},"end":{"line":8,"column":21}},"loc":{"start":{"line":8,"column":27},"end":{"line":16,"column":1}},"line":8},"1":{"name":"(anonymous_1)","decl":{"start":{"line":18,"column":23},"end":{"line":18,"column":24}},"loc":{"start":{"line":18,"column":43},"end":{"line":35,"column":1}},"line":18},"2":{"name":"(anonymous_2)","decl":{"start":{"line":37,"column":22},"end":{"line":37,"column":23}},"loc":{"start":{"line":37,"column":42},"end":{"line":52,"column":1}},"line":37},"3":{"name":"(anonymous_3)","decl":{"start":{"line":55,"column":45},"end":{"line":55,"column":46}},"loc":{"start":{"line":55,"column":65},"end":{"line":64,"column":1}},"line":55},"4":{"name":"(anonymous_4)","decl":{"start":{"line":67,"column":31},"end":{"line":67,"column":32}},"loc":{"start":{"line":67,"column":51},"end":{"line":99,"column":1}},"line":67},"5":{"name":"(anonymous_5)","decl":{"start":{"line":102,"column":41},"end":{"line":102,"column":42}},"loc":{"start":{"line":102,"column":61},"end":{"line":109,"column":1}},"line":102},"6":{"name":"(anonymous_6)","decl":{"start":{"line":112,"column":51},"end":{"line":112,"column":52}},"loc":{"start":{"line":112,"column":71},"end":{"line":123,"column":1}},"line":112},"7":{"name":"(anonymous_7)","decl":{"start":{"line":115,"column":29},"end":{"line":115,"column":30}},"loc":{"start":{"line":115,"column":35},"end":{"line":115,"column":68}},"line":115},"8":{"name":"(anonymous_8)","decl":{"start":{"line":126,"column":53},"end":{"line":126,"column":54}},"loc":{"start":{"line":126,"column":73},"end":{"line":135,"column":1}},"line":126},"9":{"name":"(anonymous_9)","decl":{"start":{"line":129,"column":43},"end":{"line":129,"column":44}},"loc":{"start":{"line":129,"column":49},"end":{"line":129,"column":82}},"line":129}},"branchMap":{"0":{"loc":{"start":{"line":9,"column":2},"end":{"line":11,"column":3}},"type":"if","locations":[{"start":{"line":9,"column":2},"end":{"line":11,"column":3}},{"start":{},"end":{}}],"line":9},"1":{"loc":{"start":{"line":12,"column":2},"end":{"line":14,"column":3}},"type":"if","locations":[{"start":{"line":12,"column":2},"end":{"line":14,"column":3}},{"start":{},"end":{}}],"line":12},"2":{"loc":{"start":{"line":21,"column":4},"end":{"line":23,"column":5}},"type":"if","locations":[{"start":{"line":21,"column":4},"end":{"line":23,"column":5}},{"start":{},"end":{}}],"line":21},"3":{"loc":{"start":{"line":21,"column":8},"end":{"line":21,"column":49}},"type":"binary-expr","locations":[{"start":{"line":21,"column":8},"end":{"line":21,"column":13}},{"start":{"line":21,"column":17},"end":{"line":21,"column":23}},{"start":{"line":21,"column":27},"end":{"line":21,"column":36}},{"start":{"line":21,"column":40},"end":{"line":21,"column":49}}],"line":21},"4":{"loc":{"start":{"line":24,"column":4},"end":{"line":26,"column":5}},"type":"if","locations":[{"start":{"line":24,"column":4},"end":{"line":26,"column":5}},{"start":{},"end":{}}],"line":24},"5":{"loc":{"start":{"line":28,"column":4},"end":{"line":28,"column":98}},"type":"if","locations":[{"start":{"line":28,"column":4},"end":{"line":28,"column":98}},{"start":{},"end":{}}],"line":28},"6":{"loc":{"start":{"line":41,"column":4},"end":{"line":43,"column":5}},"type":"if","locations":[{"start":{"line":41,"column":4},"end":{"line":43,"column":5}},{"start":{},"end":{}}],"line":41},"7":{"loc":{"start":{"line":41,"column":8},"end":{"line":41,"column":56}},"type":"binary-expr","locations":[{"start":{"line":41,"column":8},"end":{"line":41,"column":13}},{"start":{"line":41,"column":17},"end":{"line":41,"column":56}}],"line":41},"8":{"loc":{"start":{"line":72,"column":4},"end":{"line":72,"column":31}},"type":"if","locations":[{"start":{"line":72,"column":4},"end":{"line":72,"column":31}},{"start":{},"end":{}}],"line":72},"9":{"loc":{"start":{"line":74,"column":4},"end":{"line":78,"column":5}},"type":"if","locations":[{"start":{"line":74,"column":4},"end":{"line":78,"column":5}},{"start":{},"end":{}}],"line":74},"10":{"loc":{"start":{"line":74,"column":8},"end":{"line":74,"column":51}},"type":"binary-expr","locations":[{"start":{"line":74,"column":8},"end":{"line":74,"column":13}},{"start":{"line":74,"column":17},"end":{"line":74,"column":51}}],"line":74},"11":{"loc":{"start":{"line":76,"column":6},"end":{"line":76,"column":100}},"type":"if","locations":[{"start":{"line":76,"column":6},"end":{"line":76,"column":100}},{"start":{},"end":{}}],"line":76},"12":{"loc":{"start":{"line":80,"column":4},"end":{"line":92,"column":5}},"type":"if","locations":[{"start":{"line":80,"column":4},"end":{"line":92,"column":5}},{"start":{},"end":{}}],"line":80},"13":{"loc":{"start":{"line":81,"column":6},"end":{"line":83,"column":7}},"type":"if","locations":[{"start":{"line":81,"column":6},"end":{"line":83,"column":7}},{"start":{},"end":{}}],"line":81},"14":{"loc":{"start":{"line":84,"column":6},"end":{"line":86,"column":7}},"type":"if","locations":[{"start":{"line":84,"column":6},"end":{"line":86,"column":7}},{"start":{},"end":{}}],"line":84},"15":{"loc":{"start":{"line":88,"column":6},"end":{"line":90,"column":7}},"type":"if","locations":[{"start":{"line":88,"column":6},"end":{"line":90,"column":7}},{"start":{},"end":{}}],"line":88},"16":{"loc":{"start":{"line":115,"column":4},"end":{"line":118,"column":5}},"type":"if","locations":[{"start":{"line":115,"column":4},"end":{"line":118,"column":5}},{"start":{},"end":{}}],"line":115}},"s":{"0":3,"1":3,"2":3,"3":3,"4":3,"5":3,"6":0,"7":0,"8":0,"9":0,"10":0,"11":3,"12":55,"13":55,"14":55,"15":2,"16":53,"17":2,"18":51,"19":51,"20":2,"21":49,"22":49,"23":0,"24":3,"25":47,"26":47,"27":47,"28":47,"29":2,"30":45,"31":45,"32":0,"33":3,"34":1,"35":1,"36":1,"37":0,"38":3,"39":7,"40":7,"41":7,"42":7,"43":1,"44":7,"45":2,"46":2,"47":1,"48":1,"49":6,"50":4,"51":1,"52":3,"53":1,"54":2,"55":2,"56":1,"57":1,"58":3,"59":3,"60":0,"61":3,"62":0,"63":0,"64":0,"65":0,"66":3,"67":0,"68":0,"69":0,"70":0,"71":0,"72":0,"73":0,"74":0,"75":3,"76":0,"77":0,"78":0,"79":0,"80":0,"81":0,"82":0,"83":3},"f":{"0":0,"1":55,"2":47,"3":1,"4":7,"5":0,"6":0,"7":0,"8":0,"9":0},"b":{"0":[0,0],"1":[0,0],"2":[2,53],"3":[55,55,55,53],"4":[2,51],"5":[2,49],"6":[2,45],"7":[47,46],"8":[1,6],"9":[2,5],"10":[7,2],"11":[1,1],"12":[4,2],"13":[1,3],"14":[1,2],"15":[1,1],"16":[0,0]},"_coverageSchema":"1a1c01bbd47fc00a2c39e90264f33305004495a9","hash":"f3225f94ca3a8b642340474825c51f063e3b882c"}
,"C:\\Users\\anaca\\OneDrive\\Documentos\\SEMESTRES\\SEMESTRE VIII\\INTERACCION HUMANO COMPUTADOR\\gestion-eventos\\utils\\mailer.js": {"path":"C:\\Users\\anaca\\OneDrive\\Documentos\\SEMESTRES\\SEMESTRE VIII\\INTERACCION HUMANO COMPUTADOR\\gestion-eventos\\utils\\mailer.js","statementMap":{"0":{"start":{"line":1,"column":19},"end":{"line":1,"column":40}},"1":{"start":{"line":3,"column":20},"end":{"line":11,"column":2}},"2":{"start":{"line":14,"column":16},"end":{"line":16,"column":4}},"3":{"start":{"line":18,"column":2},"end":{"line":34,"column":5}},"4":{"start":{"line":37,"column":0},"end":{"line":37,"column":48}}},"fnMap":{"0":{"name":"enviarConfirmacionRegistro","decl":{"start":{"line":13,"column":15},"end":{"line":13,"column":41}},"loc":{"start":{"line":13,"column":64},"end":{"line":35,"column":1}},"line":13}},"branchMap":{"0":{"loc":{"start":{"line":29,"column":40},"end":{"line":29,"column":96}},"type":"cond-expr","locations":[{"start":{"line":29,"column":72},"end":{"line":29,"column":81}},{"start":{"line":29,"column":84},"end":{"line":29,"column":96}}],"line":29}},"s":{"0":3,"1":3,"2":5,"3":5,"4":3},"f":{"0":5},"b":{"0":[0,5]},"_coverageSchema":"1a1c01bbd47fc00a2c39e90264f33305004495a9","hash":"d1911f7e2d09f69e3698343e09bf307bf164cef2"}
}
