TN:
SF:app.js
FNF:0
FNH:0
DA:1,3
DA:3,3
DA:4,3
DA:6,3
DA:7,3
DA:9,3
DA:11,3
DA:13,3
DA:14,3
DA:15,3
DA:17,3
LF:11
LH:11
BRF:0
BRH:0
end_of_record
TN:
SF:config\db.js
FN:3,connectDB
FNF:1
FNH:1
FNDA:5,connectDB
DA:1,3
DA:4,5
DA:5,5
DA:6,5
DA:8,0
DA:9,0
DA:13,3
LF:7
LH:5
BRF:0
BRH:0
end_of_record
TN:
SF:middleware\auth.js
FN:4,verifyToken
FN:24,isOrganizer
FNF:2
FNH:2
FNDA:56,verifyToken
FNDA:32,isOrganizer
DA:1,3
DA:2,3
DA:5,56
DA:6,56
DA:7,3
DA:9,53
DA:10,53
DA:11,53
DA:12,52
DA:13,52
DA:14,52
DA:15,52
DA:19,1
DA:20,1
DA:25,32
DA:26,2
DA:28,30
DA:31,3
LF:18
LH:18
BRDA:6,0,0,3
BRDA:6,0,1,53
BRDA:13,1,0,0
BRDA:13,1,1,52
BRDA:25,2,0,2
BRDA:25,2,1,30
BRF:6
BRH:5
end_of_record
TN:
SF:models\Event.js
FNF:0
FNH:0
DA:1,3
DA:3,3
DA:14,3
LF:3
LH:3
BRF:0
BRH:0
end_of_record
TN:
SF:models\Registration.js
FNF:0
FNH:0
DA:1,3
DA:3,3
DA:10,3
LF:3
LH:3
BRF:0
BRH:0
end_of_record
TN:
SF:models\Reports.js
FNF:0
FNH:0
DA:1,3
DA:3,3
DA:12,3
LF:3
LH:3
BRF:0
BRH:0
end_of_record
TN:
SF:models\User.js
FN:13,(anonymous_0)
FN:20,(anonymous_1)
FNF:2
FNH:2
FNDA:52,(anonymous_0)
FNDA:48,(anonymous_1)
DA:1,3
DA:2,3
DA:4,3
DA:13,3
DA:14,52
DA:15,50
DA:16,50
DA:20,3
DA:21,48
DA:24,3
LF:10
LH:10
BRDA:14,0,0,2
BRDA:14,0,1,50
BRF:2
BRH:2
end_of_record
TN:
SF:routes\Events.js
FN:9,errorMessage
FN:12,(anonymous_1)
FN:18,(anonymous_2)
FN:27,(anonymous_3)
FN:42,(anonymous_4)
FN:56,(anonymous_5)
FN:59,(anonymous_6)
FN:69,(anonymous_7)
FN:83,(anonymous_8)
FN:100,(anonymous_9)
FN:114,(anonymous_10)
FNF:11
FNH:10
FNDA:2,errorMessage
FNDA:6,(anonymous_1)
FNDA:18,(anonymous_2)
FNDA:4,(anonymous_3)
FNDA:3,(anonymous_4)
FNDA:1,(anonymous_5)
FNDA:23,(anonymous_6)
FNDA:4,(anonymous_7)
FNDA:3,(anonymous_8)
FNDA:0,(anonymous_9)
FNDA:2,(anonymous_10)
DA:1,3
DA:2,3
DA:3,3
DA:4,3
DA:5,3
DA:6,3
DA:7,3
DA:10,2
DA:12,6
DA:13,2
DA:15,0
DA:18,3
DA:19,18
DA:20,18
DA:21,17
DA:23,1
DA:27,3
DA:28,4
DA:29,4
DA:30,4
DA:31,3
DA:32,1
DA:34,2
DA:35,2
DA:36,1
DA:38,1
DA:42,3
DA:43,3
DA:44,3
DA:45,3
DA:46,2
DA:47,1
DA:49,1
DA:50,1
DA:52,0
DA:56,3
DA:57,1
DA:58,1
DA:59,1
DA:60,23
DA:61,23
DA:63,1
DA:65,0
DA:69,3
DA:70,4
DA:71,4
DA:72,1
DA:74,3
DA:75,3
DA:76,1
DA:77,1
DA:79,0
DA:83,3
DA:84,3
DA:85,3
DA:86,3
DA:87,3
DA:88,1
DA:91,2
DA:94,2
DA:100,0
DA:108,2
DA:110,0
DA:114,3
DA:115,2
DA:116,2
DA:117,2
DA:118,2
DA:119,1
DA:121,1
DA:122,1
DA:124,0
DA:128,3
LF:73
LH:66
BRDA:10,0,0,2
BRDA:10,0,1,0
BRDA:30,1,0,1
BRDA:30,1,1,3
BRDA:31,2,0,1
BRDA:31,2,1,2
BRDA:45,3,0,1
BRDA:45,3,1,2
BRDA:46,4,0,1
BRDA:46,4,1,1
BRDA:71,5,0,1
BRDA:71,5,1,3
BRDA:75,6,0,2
BRDA:75,6,1,1
BRDA:86,7,0,0
BRDA:86,7,1,3
BRDA:87,8,0,1
BRDA:87,8,1,2
BRDA:117,9,0,0
BRDA:117,9,1,2
BRDA:118,10,0,1
BRDA:118,10,1,1
BRF:22
BRH:19
end_of_record
TN:
SF:routes\Registrations.js
FN:9,(anonymous_0)
FN:21,(anonymous_1)
FN:61,(anonymous_2)
FNF:3
FNH:3
FNDA:1,(anonymous_0)
FNDA:9,(anonymous_1)
FNDA:2,(anonymous_2)
DA:1,3
DA:2,3
DA:3,3
DA:4,3
DA:5,3
DA:6,3
DA:7,3
DA:9,3
DA:10,1
DA:11,1
DA:12,0
DA:14,1
DA:15,1
DA:17,0
DA:21,3
DA:22,9
DA:23,9
DA:24,1
DA:27,8
DA:28,8
DA:31,7
DA:32,7
DA:33,1
DA:36,6
DA:39,6
DA:40,1
DA:44,5
DA:48,5
DA:49,5
DA:51,0
DA:55,5
DA:57,0
DA:61,3
DA:62,2
DA:63,2
DA:64,2
DA:65,1
DA:66,0
DA:68,1
DA:69,1
DA:70,1
DA:72,0
DA:76,3
LF:43
LH:37
BRDA:11,0,0,0
BRDA:11,0,1,1
BRDA:23,1,0,1
BRDA:23,1,1,8
BRDA:28,2,0,1
BRDA:28,2,1,7
BRDA:32,3,0,1
BRDA:32,3,1,6
BRDA:39,4,0,1
BRDA:39,4,1,5
BRDA:64,5,0,1
BRDA:64,5,1,1
BRDA:65,6,0,0
BRDA:65,6,1,1
BRF:14
BRH:12
end_of_record
TN:
SF:routes\Users.js
FN:8,errorMessage
FN:18,(anonymous_1)
FN:37,(anonymous_2)
FN:55,(anonymous_3)
FN:67,(anonymous_4)
FN:102,(anonymous_5)
FN:112,(anonymous_6)
FN:115,(anonymous_7)
FN:126,(anonymous_8)
FN:129,(anonymous_9)
FNF:10
FNH:4
FNDA:0,errorMessage
FNDA:55,(anonymous_1)
FNDA:47,(anonymous_2)
FNDA:1,(anonymous_3)
FNDA:7,(anonymous_4)
FNDA:0,(anonymous_5)
FNDA:0,(anonymous_6)
FNDA:0,(anonymous_7)
FNDA:0,(anonymous_8)
FNDA:0,(anonymous_9)
DA:1,3
DA:2,3
DA:3,3
DA:4,3
DA:5,3
DA:6,3
DA:9,0
DA:10,0
DA:12,0
DA:13,0
DA:15,0
DA:18,3
DA:19,55
DA:20,55
DA:21,55
DA:22,2
DA:24,53
DA:25,2
DA:27,51
DA:28,51
DA:30,49
DA:31,49
DA:33,0
DA:37,3
DA:38,47
DA:39,47
DA:40,47
DA:41,47
DA:42,2
DA:44,45
DA:45,45
DA:50,0
DA:55,3
DA:56,1
DA:57,1
DA:60,1
DA:62,0
DA:67,3
DA:68,7
DA:69,7
DA:70,7
DA:72,7
DA:74,7
DA:75,2
DA:76,2
DA:77,1
DA:80,6
DA:81,4
DA:82,1
DA:84,3
DA:85,1
DA:87,2
DA:88,2
DA:89,1
DA:91,1
DA:94,3
DA:95,3
DA:97,0
DA:102,3
DA:103,0
DA:104,0
DA:105,0
DA:107,0
DA:112,3
DA:113,0
DA:114,0
DA:115,0
DA:116,0
DA:117,0
DA:119,0
DA:121,0
DA:126,3
DA:127,0
DA:128,0
DA:129,0
DA:130,0
DA:131,0
DA:133,0
DA:137,3
LF:79
LH:53
BRDA:9,0,0,0
BRDA:9,0,1,0
BRDA:12,1,0,0
BRDA:12,1,1,0
BRDA:21,2,0,2
BRDA:21,2,1,53
BRDA:21,3,0,55
BRDA:21,3,1,55
BRDA:21,3,2,55
BRDA:21,3,3,53
BRDA:24,4,0,2
BRDA:24,4,1,51
BRDA:28,5,0,2
BRDA:28,5,1,49
BRDA:41,6,0,2
BRDA:41,6,1,45
BRDA:41,7,0,47
BRDA:41,7,1,46
BRDA:72,8,0,1
BRDA:72,8,1,6
BRDA:74,9,0,2
BRDA:74,9,1,5
BRDA:74,10,0,7
BRDA:74,10,1,2
BRDA:76,11,0,1
BRDA:76,11,1,1
BRDA:80,12,0,4
BRDA:80,12,1,2
BRDA:81,13,0,1
BRDA:81,13,1,3
BRDA:84,14,0,1
BRDA:84,14,1,2
BRDA:88,15,0,1
BRDA:88,15,1,1
BRDA:115,16,0,0
BRDA:115,16,1,0
BRF:36
BRH:30
end_of_record
TN:
SF:utils\mailer.js
FN:13,enviarConfirmacionRegistro
FNF:1
FNH:1
FNDA:5,enviarConfirmacionRegistro
DA:1,3
DA:3,3
DA:14,5
DA:18,5
DA:37,3
LF:5
LH:5
BRDA:29,0,0,0
BRDA:29,0,1,5
BRF:2
BRH:1
end_of_record
