TN:
SF:app.js
FNF:0
FNH:0
DA:1,3
DA:3,3
DA:4,3
DA:6,3
DA:8,3
DA:10,3
DA:12,3
DA:13,3
DA:14,3
DA:16,3
LF:10
LH:10
BRF:0
BRH:0
end_of_record
TN:
SF:config\db.js
FN:3,connectDB
FNF:1
FNH:1
FNDA:5,connectDB
DA:1,3
DA:4,5
DA:5,5
DA:6,5
DA:8,0
DA:9,0
DA:13,3
LF:7
LH:5
BRF:0
BRH:0
end_of_record
TN:
SF:middleware\auth.js
FN:4,verifyToken
FN:21,isOrganizer
FNF:2
FNH:2
FNDA:56,verifyToken
FNDA:32,isOrganizer
DA:1,3
DA:2,3
DA:5,56
DA:6,56
DA:7,3
DA:9,53
DA:10,53
DA:11,53
DA:12,52
DA:13,52
DA:14,52
DA:15,52
DA:17,1
DA:22,32
DA:23,2
DA:25,30
DA:28,3
LF:17
LH:17
BRDA:6,0,0,3
BRDA:6,0,1,53
BRDA:6,1,0,56
BRDA:6,1,1,53
BRDA:13,2,0,0
BRDA:13,2,1,52
BRDA:22,3,0,2
BRDA:22,3,1,30
BRF:8
BRH:7
end_of_record
TN:
SF:models\Event.js
FNF:0
FNH:0
DA:1,3
DA:3,3
DA:14,3
LF:3
LH:3
BRF:0
BRH:0
end_of_record
TN:
SF:models\Registration.js
FNF:0
FNH:0
DA:1,3
DA:3,3
DA:10,3
LF:3
LH:3
BRF:0
BRH:0
end_of_record
TN:
SF:models\Reports.js
FNF:0
FNH:0
DA:1,3
DA:3,3
DA:12,3
LF:3
LH:3
BRF:0
BRH:0
end_of_record
TN:
SF:models\User.js
FN:12,(anonymous_0)
FN:19,(anonymous_1)
FNF:2
FNH:2
FNDA:52,(anonymous_0)
FNDA:48,(anonymous_1)
DA:1,3
DA:2,3
DA:4,3
DA:12,3
DA:13,52
DA:14,50
DA:15,50
DA:19,3
DA:20,48
DA:23,3
LF:10
LH:10
BRDA:13,0,0,2
BRDA:13,0,1,50
BRF:2
BRH:2
end_of_record
TN:
SF:routes\Events.js
FN:9,errorMessage
FN:16,(anonymous_1)
FN:25,(anonymous_2)
FN:40,(anonymous_3)
FN:54,(anonymous_4)
FN:57,(anonymous_5)
FN:67,(anonymous_6)
FN:81,(anonymous_7)
FN:98,(anonymous_8)
FN:112,(anonymous_9)
FNF:10
FNH:9
FNDA:2,errorMessage
FNDA:18,(anonymous_1)
FNDA:4,(anonymous_2)
FNDA:3,(anonymous_3)
FNDA:1,(anonymous_4)
FNDA:225,(anonymous_5)
FNDA:4,(anonymous_6)
FNDA:3,(anonymous_7)
FNDA:0,(anonymous_8)
FNDA:2,(anonymous_9)
DA:1,3
DA:2,3
DA:3,3
DA:4,3
DA:5,3
DA:6,3
DA:7,3
DA:10,2
DA:11,2
DA:13,0
DA:16,3
DA:17,18
DA:18,18
DA:19,17
DA:21,1
DA:25,3
DA:26,4
DA:27,4
DA:28,4
DA:29,3
DA:30,1
DA:32,2
DA:33,2
DA:34,1
DA:36,1
DA:40,3
DA:41,3
DA:42,3
DA:43,3
DA:44,2
DA:45,1
DA:47,1
DA:48,1
DA:50,0
DA:54,3
DA:55,1
DA:56,1
DA:57,1
DA:58,225
DA:59,225
DA:61,1
DA:63,0
DA:67,3
DA:68,4
DA:69,4
DA:70,1
DA:72,3
DA:73,3
DA:74,1
DA:75,1
DA:77,0
DA:81,3
DA:82,3
DA:83,3
DA:84,3
DA:85,3
DA:86,1
DA:89,2
DA:92,2
DA:98,0
DA:106,2
DA:108,0
DA:112,3
DA:113,2
DA:114,2
DA:115,2
DA:116,2
DA:117,1
DA:119,1
DA:120,1
DA:122,0
DA:126,3
LF:72
LH:65
BRDA:10,0,0,2
BRDA:10,0,1,0
BRDA:28,1,0,1
BRDA:28,1,1,3
BRDA:29,2,0,1
BRDA:29,2,1,2
BRDA:43,3,0,1
BRDA:43,3,1,2
BRDA:44,4,0,1
BRDA:44,4,1,1
BRDA:69,5,0,1
BRDA:69,5,1,3
BRDA:73,6,0,2
BRDA:73,6,1,1
BRDA:84,7,0,0
BRDA:84,7,1,3
BRDA:85,8,0,1
BRDA:85,8,1,2
BRDA:115,9,0,0
BRDA:115,9,1,2
BRDA:116,10,0,1
BRDA:116,10,1,1
BRF:22
BRH:19
end_of_record
TN:
SF:routes\Registrations.js
FN:8,(anonymous_0)
FN:20,(anonymous_1)
FN:50,(anonymous_2)
FNF:3
FNH:3
FNDA:1,(anonymous_0)
FNDA:9,(anonymous_1)
FNDA:2,(anonymous_2)
DA:1,3
DA:2,3
DA:3,3
DA:4,3
DA:5,3
DA:6,3
DA:8,3
DA:9,1
DA:10,1
DA:11,0
DA:13,1
DA:14,1
DA:16,0
DA:20,3
DA:21,9
DA:22,9
DA:23,1
DA:26,8
DA:27,8
DA:29,7
DA:30,7
DA:31,1
DA:34,6
DA:37,6
DA:38,1
DA:41,5
DA:42,5
DA:44,0
DA:50,3
DA:51,2
DA:52,2
DA:53,2
DA:54,1
DA:55,0
DA:57,1
DA:58,1
DA:59,1
DA:61,0
DA:65,3
LF:39
LH:34
BRDA:10,0,0,0
BRDA:10,0,1,1
BRDA:22,1,0,1
BRDA:22,1,1,8
BRDA:27,2,0,1
BRDA:27,2,1,7
BRDA:30,3,0,1
BRDA:30,3,1,6
BRDA:37,4,0,1
BRDA:37,4,1,5
BRDA:53,5,0,1
BRDA:53,5,1,1
BRDA:54,6,0,0
BRDA:54,6,1,1
BRF:14
BRH:12
end_of_record
TN:
SF:routes\Users.js
FN:8,errorMessage
FN:18,(anonymous_1)
FN:37,(anonymous_2)
FN:55,(anonymous_3)
FN:67,(anonymous_4)
FNF:5
FNH:4
FNDA:0,errorMessage
FNDA:55,(anonymous_1)
FNDA:47,(anonymous_2)
FNDA:1,(anonymous_3)
FNDA:7,(anonymous_4)
DA:1,3
DA:2,3
DA:3,3
DA:4,3
DA:5,3
DA:6,3
DA:9,0
DA:10,0
DA:12,0
DA:13,0
DA:15,0
DA:18,3
DA:19,55
DA:20,55
DA:21,55
DA:22,2
DA:24,53
DA:25,2
DA:27,51
DA:28,51
DA:30,49
DA:31,49
DA:33,0
DA:37,3
DA:38,47
DA:39,47
DA:40,47
DA:41,47
DA:42,2
DA:44,45
DA:45,45
DA:50,0
DA:55,3
DA:56,1
DA:57,1
DA:60,1
DA:62,0
DA:67,3
DA:68,7
DA:69,7
DA:70,7
DA:72,7
DA:74,7
DA:75,2
DA:76,2
DA:77,1
DA:80,6
DA:81,4
DA:82,1
DA:84,3
DA:85,1
DA:87,2
DA:88,2
DA:89,1
DA:91,1
DA:94,3
DA:95,3
DA:97,0
DA:101,3
LF:59
LH:50
BRDA:9,0,0,0
BRDA:9,0,1,0
BRDA:12,1,0,0
BRDA:12,1,1,0
BRDA:21,2,0,2
BRDA:21,2,1,53
BRDA:21,3,0,55
BRDA:21,3,1,55
BRDA:21,3,2,55
BRDA:21,3,3,53
BRDA:24,4,0,2
BRDA:24,4,1,51
BRDA:28,5,0,2
BRDA:28,5,1,49
BRDA:41,6,0,2
BRDA:41,6,1,45
BRDA:41,7,0,47
BRDA:41,7,1,46
BRDA:72,8,0,1
BRDA:72,8,1,6
BRDA:74,9,0,2
BRDA:74,9,1,5
BRDA:74,10,0,7
BRDA:74,10,1,2
BRDA:76,11,0,1
BRDA:76,11,1,1
BRDA:80,12,0,4
BRDA:80,12,1,2
BRDA:81,13,0,1
BRDA:81,13,1,3
BRDA:84,14,0,1
BRDA:84,14,1,2
BRDA:88,15,0,1
BRDA:88,15,1,1
BRF:34
BRH:30
end_of_record
